{"/home/travis/build/npmtest/node-npmtest-wire/test.js":{"path":"/home/travis/build/npmtest/node-npmtest-wire/test.js","s":{"1":2,"2":2,"3":2,"4":2,"5":2,"6":2,"7":2,"8":1,"9":2,"10":2,"11":1,"12":1,"13":1,"14":1,"15":2,"16":2,"17":2,"18":2,"19":1,"20":1,"21":2,"22":2,"23":2,"24":1,"25":1,"26":1,"27":1,"28":1,"29":1,"30":1,"31":1,"32":1,"33":1,"34":1,"35":1,"36":1,"37":1,"38":1,"39":2,"40":2,"41":1,"42":2,"43":2,"44":1,"45":2,"46":2,"47":1,"48":2,"49":2,"50":1,"51":1,"52":1,"53":1,"54":1},"b":{"1":[2,1,1,1],"2":[1,1,1,1],"3":[1,1],"4":[1,1],"5":[1,1],"6":[1,1],"7":[1,1],"8":[1,1],"9":[1,1],"10":[1,1,1],"11":[1,1],"12":[1,1],"13":[1,1],"14":[1,1],"15":[1,1],"16":[1,1],"17":[1,1]},"f":{"1":2,"2":2,"3":2,"4":2,"5":2,"6":1,"7":1,"8":1,"9":2,"10":2,"11":2,"12":2,"13":1},"fnMap":{"1":{"name":"(anonymous_1)","line":12,"loc":{"start":{"line":12,"column":1},"end":{"line":12,"column":13}}},"2":{"name":"(anonymous_2)","line":19,"loc":{"start":{"line":19,"column":5},"end":{"line":19,"column":17}}},"3":{"name":"(anonymous_3)","line":23,"loc":{"start":{"line":23,"column":24},"end":{"line":23,"column":36}}},"4":{"name":"(anonymous_4)","line":61,"loc":{"start":{"line":61,"column":5},"end":{"line":61,"column":17}}},"5":{"name":"(anonymous_5)","line":82,"loc":{"start":{"line":82,"column":5},"end":{"line":82,"column":17}}},"6":{"name":"(anonymous_6)","line":91,"loc":{"start":{"line":91,"column":77},"end":{"line":94,"column":10}}},"7":{"name":"(anonymous_7)","line":112,"loc":{"start":{"line":112,"column":83},"end":{"line":115,"column":10}},"skip":true},"8":{"name":"(anonymous_8)","line":123,"loc":{"start":{"line":123,"column":77},"end":{"line":126,"column":10}},"skip":true},"9":{"name":"(anonymous_9)","line":139,"loc":{"start":{"line":139,"column":12},"end":{"line":139,"column":40}},"skip":true},"10":{"name":"(anonymous_10)","line":147,"loc":{"start":{"line":147,"column":77},"end":{"line":150,"column":10}},"skip":true},"11":{"name":"(anonymous_11)","line":158,"loc":{"start":{"line":158,"column":83},"end":{"line":161,"column":10}},"skip":true},"12":{"name":"(anonymous_12)","line":169,"loc":{"start":{"line":169,"column":79},"end":{"line":172,"column":10}},"skip":true},"13":{"name":"(anonymous_13)","line":180,"loc":{"start":{"line":180,"column":75},"end":{"line":183,"column":10}},"skip":true}},"statementMap":{"1":{"start":{"line":12,"column":0},"end":{"line":195,"column":5}},"2":{"start":{"line":14,"column":4},"end":{"line":14,"column":14}},"3":{"start":{"line":19,"column":4},"end":{"line":56,"column":9}},"4":{"start":{"line":21,"column":8},"end":{"line":21,"column":19}},"5":{"start":{"line":23,"column":8},"end":{"line":35,"column":13}},"6":{"start":{"line":24,"column":12},"end":{"line":34,"column":13}},"7":{"start":{"line":25,"column":16},"end":{"line":28,"column":30}},"8":{"start":{"line":30,"column":16},"end":{"line":33,"column":27}},"9":{"start":{"line":37,"column":8},"end":{"line":39,"column":21}},"10":{"start":{"line":40,"column":8},"end":{"line":53,"column":9}},"11":{"start":{"line":43,"column":12},"end":{"line":46,"column":14}},"12":{"start":{"line":47,"column":12},"end":{"line":47,"column":18}},"13":{"start":{"line":50,"column":12},"end":{"line":51,"column":46}},"14":{"start":{"line":52,"column":12},"end":{"line":52,"column":18}},"15":{"start":{"line":55,"column":8},"end":{"line":55,"column":35}},"16":{"start":{"line":61,"column":4},"end":{"line":63,"column":9}},"17":{"start":{"line":62,"column":8},"end":{"line":62,"column":15}},"18":{"start":{"line":64,"column":4},"end":{"line":77,"column":5}},"19":{"start":{"line":70,"column":8},"end":{"line":70,"column":14}},"20":{"start":{"line":76,"column":8},"end":{"line":76,"column":14}},"21":{"start":{"line":82,"column":4},"end":{"line":84,"column":9}},"22":{"start":{"line":83,"column":8},"end":{"line":83,"column":15}},"23":{"start":{"line":85,"column":4},"end":{"line":194,"column":5}},"24":{"start":{"line":91,"column":8},"end":{"line":99,"column":10}},"25":{"start":{"line":98,"column":12},"end":{"line":98,"column":35}},"26":{"start":{"line":102,"column":8},"end":{"line":104,"column":63}},"27":{"start":{"line":105,"column":8},"end":{"line":105,"column":14}},"28":{"start":{"line":112,"column":8},"end":{"line":121,"column":10},"skip":true},"29":{"start":{"line":119,"column":12},"end":{"line":119,"column":55},"skip":true},"30":{"start":{"line":120,"column":12},"end":{"line":120,"column":48},"skip":true},"31":{"start":{"line":123,"column":8},"end":{"line":136,"column":10},"skip":true},"32":{"start":{"line":130,"column":12},"end":{"line":130,"column":76},"skip":true},"33":{"start":{"line":131,"column":12},"end":{"line":131,"column":73},"skip":true},"34":{"start":{"line":132,"column":12},"end":{"line":132,"column":74},"skip":true},"35":{"start":{"line":133,"column":12},"end":{"line":133,"column":79},"skip":true},"36":{"start":{"line":134,"column":12},"end":{"line":134,"column":25},"skip":true},"37":{"start":{"line":135,"column":12},"end":{"line":135,"column":45},"skip":true},"38":{"start":{"line":138,"column":8},"end":{"line":145,"column":14},"skip":true},"39":{"start":{"line":143,"column":16},"end":{"line":143,"column":29},"skip":true},"40":{"start":{"line":144,"column":16},"end":{"line":144,"column":55},"skip":true},"41":{"start":{"line":147,"column":8},"end":{"line":156,"column":10},"skip":true},"42":{"start":{"line":154,"column":12},"end":{"line":154,"column":25},"skip":true},"43":{"start":{"line":155,"column":12},"end":{"line":155,"column":45},"skip":true},"44":{"start":{"line":158,"column":8},"end":{"line":167,"column":10},"skip":true},"45":{"start":{"line":165,"column":12},"end":{"line":165,"column":25},"skip":true},"46":{"start":{"line":166,"column":12},"end":{"line":166,"column":48},"skip":true},"47":{"start":{"line":169,"column":8},"end":{"line":178,"column":10},"skip":true},"48":{"start":{"line":176,"column":12},"end":{"line":176,"column":25},"skip":true},"49":{"start":{"line":177,"column":12},"end":{"line":177,"column":46},"skip":true},"50":{"start":{"line":180,"column":8},"end":{"line":189,"column":10},"skip":true},"51":{"start":{"line":187,"column":12},"end":{"line":187,"column":94},"skip":true},"52":{"start":{"line":188,"column":12},"end":{"line":188,"column":48},"skip":true},"53":{"start":{"line":192,"column":8},"end":{"line":192,"column":35},"skip":true},"54":{"start":{"line":193,"column":8},"end":{"line":193,"column":14},"skip":true}},"branchMap":{"1":{"line":25,"type":"binary-expr","locations":[{"start":{"line":25,"column":23},"end":{"line":25,"column":62}},{"start":{"line":26,"column":20},"end":{"line":26,"column":70}},{"start":{"line":27,"column":20},"end":{"line":27,"column":71}},{"start":{"line":28,"column":20},"end":{"line":28,"column":29}}]},"2":{"line":30,"type":"binary-expr","locations":[{"start":{"line":30,"column":23},"end":{"line":30,"column":37}},{"start":{"line":31,"column":20},"end":{"line":31,"column":61}},{"start":{"line":32,"column":20},"end":{"line":32,"column":70}},{"start":{"line":33,"column":20},"end":{"line":33,"column":26}}]},"3":{"line":37,"type":"cond-expr","locations":[{"start":{"line":38,"column":14},"end":{"line":38,"column":20}},{"start":{"line":39,"column":14},"end":{"line":39,"column":20}}]},"4":{"line":40,"type":"switch","locations":[{"start":{"line":42,"column":8},"end":{"line":47,"column":18}},{"start":{"line":49,"column":8},"end":{"line":52,"column":18}}]},"5":{"line":44,"type":"binary-expr","locations":[{"start":{"line":44,"column":16},"end":{"line":44,"column":44}},{"start":{"line":44,"column":48},"end":{"line":44,"column":66}}]},"6":{"line":50,"type":"binary-expr","locations":[{"start":{"line":50,"column":21},"end":{"line":50,"column":49}},{"start":{"line":50,"column":53},"end":{"line":50,"column":72}}]},"7":{"line":64,"type":"switch","locations":[{"start":{"line":69,"column":4},"end":{"line":70,"column":14}},{"start":{"line":75,"column":4},"end":{"line":76,"column":14}}]},"8":{"line":85,"type":"switch","locations":[{"start":{"line":90,"column":4},"end":{"line":105,"column":14}},{"start":{"line":111,"column":4},"end":{"line":193,"column":14},"skip":true}]},"9":{"line":91,"type":"binary-expr","locations":[{"start":{"line":91,"column":42},"end":{"line":91,"column":73}},{"start":{"line":91,"column":77},"end":{"line":99,"column":9}}]},"10":{"line":102,"type":"binary-expr","locations":[{"start":{"line":102,"column":18},"end":{"line":102,"column":32}},{"start":{"line":103,"column":12},"end":{"line":103,"column":53}},{"start":{"line":104,"column":12},"end":{"line":104,"column":61}}]},"11":{"line":112,"type":"binary-expr","locations":[{"start":{"line":112,"column":45},"end":{"line":112,"column":79},"skip":true},{"start":{"line":112,"column":83},"end":{"line":121,"column":9},"skip":true}]},"12":{"line":123,"type":"binary-expr","locations":[{"start":{"line":123,"column":42},"end":{"line":123,"column":73},"skip":true},{"start":{"line":123,"column":77},"end":{"line":136,"column":9},"skip":true}]},"13":{"line":138,"type":"binary-expr","locations":[{"start":{"line":138,"column":48},"end":{"line":138,"column":85},"skip":true},{"start":{"line":139,"column":12},"end":{"line":145,"column":13},"skip":true}]},"14":{"line":147,"type":"binary-expr","locations":[{"start":{"line":147,"column":42},"end":{"line":147,"column":73},"skip":true},{"start":{"line":147,"column":77},"end":{"line":156,"column":9},"skip":true}]},"15":{"line":158,"type":"binary-expr","locations":[{"start":{"line":158,"column":45},"end":{"line":158,"column":79},"skip":true},{"start":{"line":158,"column":83},"end":{"line":167,"column":9},"skip":true}]},"16":{"line":169,"type":"binary-expr","locations":[{"start":{"line":169,"column":43},"end":{"line":169,"column":75},"skip":true},{"start":{"line":169,"column":79},"end":{"line":178,"column":9},"skip":true}]},"17":{"line":180,"type":"binary-expr","locations":[{"start":{"line":180,"column":41},"end":{"line":180,"column":71},"skip":true},{"start":{"line":180,"column":75},"end":{"line":189,"column":9},"skip":true}]}},"code":["/* istanbul instrument in package npmtest_wire */","/*jslint","    bitwise: true,","    browser: true,","    maxerr: 8,","    maxlen: 96,","    node: true,","    nomen: true,","    regexp: true,","    stupid: true","*/","(function () {","    'use strict';","    var local;","","","","    // run shared js-env code - pre-init","    (function () {","        // init local","        local = {};","        // init modeJs","        local.modeJs = (function () {","            try {","                return typeof navigator.userAgent === 'string' &&","                    typeof document.querySelector('body') === 'object' &&","                    typeof XMLHttpRequest.prototype.open === 'function' &&","                    'browser';","            } catch (errorCaughtBrowser) {","                return module.exports &&","                    typeof process.versions.node === 'string' &&","                    typeof require('http').createServer === 'function' &&","                    'node';","            }","        }());","        // init global","        local.global = local.modeJs === 'browser'","            ? window","            : global;","        switch (local.modeJs) {","        // re-init local from window.local","        case 'browser':","            local = local.global.utility2.objectSetDefault(","                local.global.utility2_rollup || local.global.local,","                local.global.utility2","            );","            break;","        // re-init local from example.js","        case 'node':","            local = (local.global.utility2_rollup || require('utility2'))","                .requireExampleJsFromReadme();","            break;","        }","        // export local","        local.global.local = local;","    }());","","","","    // run shared js-env code - function","    (function () {","        return;","    }());","    switch (local.modeJs) {","","","","    // run browser js-env code - function","    case 'browser':","        break;","","","","    // run node js-env code - function","    case 'node':","        break;","    }","","","","    // run shared js-env code - post-init","    (function () {","        return;","    }());","    switch (local.modeJs) {","","","","    // run browser js-env code - post-init","    case 'browser':","        local.testCase_browser_nullCase = local.testCase_browser_nullCase || function (","            options,","            onError","        ) {","        /*","         * this function will test browsers's null-case handling-behavior-behavior","         */","            onError(null, options);","        };","","        // run tests","        local.nop(local.modeTest &&","            document.querySelector('#testRunButton1') &&","            document.querySelector('#testRunButton1').click());","        break;","","","","    // run node js-env code - post-init","    /* istanbul ignore next */","    case 'node':","        local.testCase_buildApidoc_default = local.testCase_buildApidoc_default || function (","            options,","            onError","        ) {","        /*","         * this function will test buildApidoc's default handling-behavior-behavior","         */","            options = { modulePathList: module.paths };","            local.buildApidoc(options, onError);","        };","","        local.testCase_buildApp_default = local.testCase_buildApp_default || function (","            options,","            onError","        ) {","        /*","         * this function will test buildApp's default handling-behavior-behavior","         */","            local.testCase_buildReadme_default(options, local.onErrorThrow);","            local.testCase_buildLib_default(options, local.onErrorThrow);","            local.testCase_buildTest_default(options, local.onErrorThrow);","            local.testCase_buildCustomOrg_default(options, local.onErrorThrow);","            options = [];","            local.buildApp(options, onError);","        };","","        local.testCase_buildCustomOrg_default = local.testCase_buildCustomOrg_default ||","            function (options, onError) {","            /*","             * this function will test buildCustomOrg's default handling-behavior","             */","                options = {};","                local.buildCustomOrg(options, onError);","            };","","        local.testCase_buildLib_default = local.testCase_buildLib_default || function (","            options,","            onError","        ) {","        /*","         * this function will test buildLib's default handling-behavior","         */","            options = {};","            local.buildLib(options, onError);","        };","","        local.testCase_buildReadme_default = local.testCase_buildReadme_default || function (","            options,","            onError","        ) {","        /*","         * this function will test buildReadme's default handling-behavior-behavior","         */","            options = {};","            local.buildReadme(options, onError);","        };","","        local.testCase_buildTest_default = local.testCase_buildTest_default || function (","            options,","            onError","        ) {","        /*","         * this function will test buildTest's default handling-behavior","         */","            options = {};","            local.buildTest(options, onError);","        };","","        local.testCase_webpage_default = local.testCase_webpage_default || function (","            options,","            onError","        ) {","        /*","         * this function will test webpage's default handling-behavior","         */","            options = { modeCoverageMerge: true, url: local.serverLocalHost + '?modeTest=1' };","            local.browserTest(options, onError);","        };","","        // run test-server","        local.testRunServer(local);","        break;","    }","}());",""],"l":{"12":2,"14":2,"19":2,"21":2,"23":2,"24":2,"25":2,"30":1,"37":2,"40":2,"43":1,"47":1,"50":1,"52":1,"55":2,"61":2,"62":2,"64":2,"70":1,"76":1,"82":2,"83":2,"85":2,"91":1,"98":1,"102":1,"105":1,"112":1,"119":1,"120":1,"123":1,"130":1,"131":1,"132":1,"133":1,"134":1,"135":1,"138":1,"143":2,"144":2,"147":1,"154":2,"155":2,"158":1,"165":2,"166":2,"169":1,"176":2,"177":2,"180":1,"187":1,"188":1,"192":1,"193":1}},"/home/travis/build/npmtest/node-npmtest-wire/lib.npmtest_wire.js":{"path":"/home/travis/build/npmtest/node-npmtest-wire/lib.npmtest_wire.js","s":{"1":2,"2":2,"3":2,"4":2,"5":2,"6":2,"7":2,"8":1,"9":2,"10":2,"11":2,"12":2,"13":1,"14":1,"15":1,"16":1},"b":{"1":[2,1,1,1],"2":[1,1,1,1],"3":[1,1],"4":[2,2],"5":[1,1]},"f":{"1":2,"2":2,"3":2},"fnMap":{"1":{"name":"(anonymous_1)","line":12,"loc":{"start":{"line":12,"column":1},"end":{"line":12,"column":13}}},"2":{"name":"(anonymous_2)","line":19,"loc":{"start":{"line":19,"column":5},"end":{"line":19,"column":17}}},"3":{"name":"(anonymous_3)","line":23,"loc":{"start":{"line":23,"column":24},"end":{"line":23,"column":36}}}},"statementMap":{"1":{"start":{"line":12,"column":0},"end":{"line":53,"column":5}},"2":{"start":{"line":14,"column":4},"end":{"line":14,"column":14}},"3":{"start":{"line":19,"column":4},"end":{"line":52,"column":9}},"4":{"start":{"line":21,"column":8},"end":{"line":21,"column":19}},"5":{"start":{"line":23,"column":8},"end":{"line":35,"column":13}},"6":{"start":{"line":24,"column":12},"end":{"line":34,"column":13}},"7":{"start":{"line":25,"column":16},"end":{"line":28,"column":30}},"8":{"start":{"line":30,"column":16},"end":{"line":33,"column":27}},"9":{"start":{"line":37,"column":8},"end":{"line":39,"column":21}},"10":{"start":{"line":41,"column":8},"end":{"line":41,"column":54}},"11":{"start":{"line":43,"column":8},"end":{"line":43,"column":49}},"12":{"start":{"line":45,"column":8},"end":{"line":51,"column":9}},"13":{"start":{"line":46,"column":12},"end":{"line":46,"column":55}},"14":{"start":{"line":48,"column":12},"end":{"line":48,"column":35}},"15":{"start":{"line":49,"column":12},"end":{"line":49,"column":49}},"16":{"start":{"line":50,"column":12},"end":{"line":50,"column":43}}},"branchMap":{"1":{"line":25,"type":"binary-expr","locations":[{"start":{"line":25,"column":23},"end":{"line":25,"column":62}},{"start":{"line":26,"column":20},"end":{"line":26,"column":70}},{"start":{"line":27,"column":20},"end":{"line":27,"column":71}},{"start":{"line":28,"column":20},"end":{"line":28,"column":29}}]},"2":{"line":30,"type":"binary-expr","locations":[{"start":{"line":30,"column":23},"end":{"line":30,"column":37}},{"start":{"line":31,"column":20},"end":{"line":31,"column":61}},{"start":{"line":32,"column":20},"end":{"line":32,"column":70}},{"start":{"line":33,"column":20},"end":{"line":33,"column":26}}]},"3":{"line":37,"type":"cond-expr","locations":[{"start":{"line":38,"column":14},"end":{"line":38,"column":20}},{"start":{"line":39,"column":14},"end":{"line":39,"column":20}}]},"4":{"line":41,"type":"binary-expr","locations":[{"start":{"line":41,"column":16},"end":{"line":41,"column":44}},{"start":{"line":41,"column":48},"end":{"line":41,"column":53}}]},"5":{"line":45,"type":"if","locations":[{"start":{"line":45,"column":8},"end":{"line":45,"column":8}},{"start":{"line":45,"column":8},"end":{"line":45,"column":8}}]}},"code":["/* istanbul instrument in package npmtest_wire */","/*jslint","    bitwise: true,","    browser: true,","    maxerr: 8,","    maxlen: 96,","    node: true,","    nomen: true,","    regexp: true,","    stupid: true","*/","(function () {","    'use strict';","    var local;","","","","    // run shared js-env code - pre-init","    (function () {","        // init local","        local = {};","        // init modeJs","        local.modeJs = (function () {","            try {","                return typeof navigator.userAgent === 'string' &&","                    typeof document.querySelector('body') === 'object' &&","                    typeof XMLHttpRequest.prototype.open === 'function' &&","                    'browser';","            } catch (errorCaughtBrowser) {","                return module.exports &&","                    typeof process.versions.node === 'string' &&","                    typeof require('http').createServer === 'function' &&","                    'node';","            }","        }());","        // init global","        local.global = local.modeJs === 'browser'","            ? window","            : global;","        // init utility2_rollup","        local = local.global.utility2_rollup || local;","        // init lib","        local.local = local.npmtest_wire = local;","        // init exports","        if (local.modeJs === 'browser') {","            local.global.utility2_npmtest_wire = local;","        } else {","            module.exports = local;","            module.exports.__dirname = __dirname;","            module.exports.module = module;","        }","    }());","}());",""],"l":{"12":2,"14":2,"19":2,"21":2,"23":2,"24":2,"25":2,"30":1,"37":2,"41":2,"43":2,"45":2,"46":1,"48":1,"49":1,"50":1}},"/home/travis/build/npmtest/node-npmtest-wire/example.js":{"path":"/home/travis/build/npmtest/node-npmtest-wire/example.js","s":{"1":2,"2":2,"3":2,"4":2,"5":2,"6":2,"7":2,"8":1,"9":2,"10":2,"11":2,"12":2,"13":1,"14":2,"15":2,"16":2,"17":2,"18":2,"19":0,"20":2,"21":1,"22":1,"23":1,"24":1,"25":1,"26":0,"27":0,"28":1,"29":1,"30":2,"31":0,"32":0,"33":0,"34":1,"35":2,"36":2,"37":3,"38":3,"39":3,"40":3,"41":0,"42":3,"43":3,"44":3,"45":1,"46":3,"47":1,"48":1,"49":1,"50":1,"51":1,"52":1,"53":1,"54":1,"55":1,"56":1,"57":0,"58":1,"59":6,"60":6,"61":1,"62":2,"63":0,"64":2,"65":1,"66":1,"67":0,"68":0,"69":0,"70":0,"71":0,"72":0,"73":0,"74":0,"75":0,"76":0,"77":0,"78":0,"79":0,"80":0,"81":0,"82":0,"83":0},"b":{"1":[2,1,1,1],"2":[1,1,1,1],"3":[1,1],"4":[2,2],"5":[1,1],"6":[1,1],"7":[2,0],"8":[2,1,1,1,1,1],"9":[0,2,0],"10":[1,1],"11":[2,1,1],"12":[1,0],"13":[0,2],"14":[2,0,0,0,0,0,0],"15":[0,3],"16":[3,0],"17":[1,1],"18":[0,1],"19":[1,2,0,2],"20":[1,0],"21":[1,1],"22":[0,0],"23":[0,0],"24":[0,0],"25":[0,0],"26":[0,0],"27":[0,0],"28":[0,0]},"f":{"1":2,"2":2,"3":2,"4":2,"5":2,"6":2,"7":3,"8":3,"9":3,"10":1,"11":6,"12":0},"fnMap":{"1":{"name":"(anonymous_1)","line":26,"loc":{"start":{"line":26,"column":1},"end":{"line":26,"column":13}}},"2":{"name":"(anonymous_2)","line":33,"loc":{"start":{"line":33,"column":5},"end":{"line":33,"column":17}}},"3":{"name":"(anonymous_3)","line":37,"loc":{"start":{"line":37,"column":24},"end":{"line":37,"column":36}}},"4":{"name":"(anonymous_4)","line":69,"loc":{"start":{"line":69,"column":31},"end":{"line":69,"column":48}},"skip":true},"5":{"name":"(anonymous_5)","line":78,"loc":{"start":{"line":78,"column":26},"end":{"line":78,"column":45}},"skip":true},"6":{"name":"(anonymous_6)","line":123,"loc":{"start":{"line":123,"column":33},"end":{"line":123,"column":48}},"skip":true},"7":{"name":"(anonymous_7)","line":125,"loc":{"start":{"line":125,"column":27},"end":{"line":125,"column":39}},"skip":true},"8":{"name":"(anonymous_8)","line":133,"loc":{"start":{"line":133,"column":59},"end":{"line":133,"column":74}},"skip":true},"9":{"name":"(anonymous_9)","line":143,"loc":{"start":{"line":143,"column":45},"end":{"line":143,"column":62}},"skip":true},"10":{"name":"(anonymous_10)","line":144,"loc":{"start":{"line":144,"column":73},"end":{"line":144,"column":92}},"skip":true},"11":{"name":"(anonymous_11)","line":272,"loc":{"start":{"line":272,"column":51},"end":{"line":272,"column":77}},"skip":true},"12":{"name":"(anonymous_12)","line":315,"loc":{"start":{"line":315,"column":32},"end":{"line":315,"column":61}},"skip":true}},"statementMap":{"1":{"start":{"line":26,"column":0},"end":{"line":326,"column":5}},"2":{"start":{"line":28,"column":4},"end":{"line":28,"column":14}},"3":{"start":{"line":33,"column":4},"end":{"line":60,"column":9}},"4":{"start":{"line":35,"column":8},"end":{"line":35,"column":19}},"5":{"start":{"line":37,"column":8},"end":{"line":49,"column":13}},"6":{"start":{"line":38,"column":12},"end":{"line":48,"column":13}},"7":{"start":{"line":39,"column":16},"end":{"line":42,"column":30}},"8":{"start":{"line":44,"column":16},"end":{"line":47,"column":27}},"9":{"start":{"line":51,"column":8},"end":{"line":53,"column":21}},"10":{"start":{"line":55,"column":8},"end":{"line":57,"column":45}},"11":{"start":{"line":59,"column":8},"end":{"line":59,"column":35}},"12":{"start":{"line":61,"column":4},"end":{"line":325,"column":5}},"13":{"start":{"line":69,"column":8},"end":{"line":121,"column":10},"skip":true},"14":{"start":{"line":70,"column":12},"end":{"line":88,"column":13},"skip":true},"15":{"start":{"line":76,"column":16},"end":{"line":87,"column":19},"skip":true},"16":{"start":{"line":79,"column":20},"end":{"line":86,"column":21},"skip":true},"17":{"start":{"line":82,"column":24},"end":{"line":82,"column":43},"skip":true},"18":{"start":{"line":83,"column":24},"end":{"line":83,"column":30},"skip":true},"19":{"start":{"line":85,"column":24},"end":{"line":85,"column":49},"skip":true},"20":{"start":{"line":89,"column":12},"end":{"line":107,"column":13},"skip":true},"21":{"start":{"line":92,"column":16},"end":{"line":102,"column":17},"skip":true},"22":{"start":{"line":93,"column":20},"end":{"line":93,"column":86},"skip":true},"23":{"start":{"line":94,"column":20},"end":{"line":95,"column":45},"skip":true},"24":{"start":{"line":96,"column":20},"end":{"line":96,"column":42},"skip":true},"25":{"start":{"line":97,"column":20},"end":{"line":97,"column":48},"skip":true},"26":{"start":{"line":100,"column":20},"end":{"line":100,"column":85},"skip":true},"27":{"start":{"line":101,"column":20},"end":{"line":101,"column":96},"skip":true},"28":{"start":{"line":103,"column":16},"end":{"line":103,"column":22},"skip":true},"29":{"start":{"line":106,"column":16},"end":{"line":106,"column":22},"skip":true},"30":{"start":{"line":108,"column":12},"end":{"line":120,"column":13},"skip":true},"31":{"start":{"line":114,"column":16},"end":{"line":119,"column":17},"skip":true},"32":{"start":{"line":116,"column":20},"end":{"line":116,"column":78},"skip":true},"33":{"start":{"line":118,"column":20},"end":{"line":118,"column":47},"skip":true},"34":{"start":{"line":123,"column":8},"end":{"line":141,"column":11},"skip":true},"35":{"start":{"line":124,"column":12},"end":{"line":124,"column":54},"skip":true},"36":{"start":{"line":125,"column":12},"end":{"line":140,"column":14},"skip":true},"37":{"start":{"line":126,"column":16},"end":{"line":126,"column":28},"skip":true},"38":{"start":{"line":127,"column":16},"end":{"line":127,"column":69},"skip":true},"39":{"start":{"line":128,"column":16},"end":{"line":128,"column":75},"skip":true},"40":{"start":{"line":129,"column":16},"end":{"line":131,"column":17},"skip":true},"41":{"start":{"line":130,"column":20},"end":{"line":130,"column":27},"skip":true},"42":{"start":{"line":133,"column":16},"end":{"line":137,"column":36},"skip":true},"43":{"start":{"line":134,"column":20},"end":{"line":136,"column":55},"skip":true},"44":{"start":{"line":139,"column":16},"end":{"line":139,"column":57},"skip":true},"45":{"start":{"line":143,"column":8},"end":{"line":147,"column":11},"skip":true},"46":{"start":{"line":144,"column":12},"end":{"line":146,"column":15},"skip":true},"47":{"start":{"line":145,"column":16},"end":{"line":145,"column":70},"skip":true},"48":{"start":{"line":149,"column":8},"end":{"line":149,"column":31},"skip":true},"49":{"start":{"line":150,"column":8},"end":{"line":150,"column":14},"skip":true},"50":{"start":{"line":158,"column":8},"end":{"line":158,"column":31},"skip":true},"51":{"start":{"line":160,"column":8},"end":{"line":160,"column":33},"skip":true},"52":{"start":{"line":161,"column":8},"end":{"line":161,"column":37},"skip":true},"53":{"start":{"line":162,"column":8},"end":{"line":162,"column":35},"skip":true},"54":{"start":{"line":164,"column":8},"end":{"line":164,"column":50},"skip":true},"55":{"start":{"line":166,"column":8},"end":{"line":256,"column":2},"skip":true},"56":{"start":{"line":258,"column":8},"end":{"line":286,"column":9},"skip":true},"57":{"start":{"line":259,"column":12},"end":{"line":269,"column":14},"skip":true},"58":{"start":{"line":271,"column":12},"end":{"line":285,"column":19},"skip":true},"59":{"start":{"line":274,"column":20},"end":{"line":274,"column":35},"skip":true},"60":{"start":{"line":275,"column":20},"end":{"line":284,"column":21},"skip":true},"61":{"start":{"line":277,"column":24},"end":{"line":277,"column":64},"skip":true},"62":{"start":{"line":279,"column":24},"end":{"line":279,"column":40},"skip":true},"63":{"start":{"line":281,"column":24},"end":{"line":281,"column":40},"skip":true},"64":{"start":{"line":283,"column":24},"end":{"line":283,"column":39},"skip":true},"65":{"start":{"line":288,"column":8},"end":{"line":290,"column":9},"skip":true},"66":{"start":{"line":289,"column":12},"end":{"line":289,"column":18},"skip":true},"67":{"start":{"line":291,"column":8},"end":{"line":293,"column":54},"skip":true},"68":{"start":{"line":296,"column":8},"end":{"line":301,"column":37},"skip":true},"69":{"start":{"line":303,"column":8},"end":{"line":303,"column":82},"skip":true},"70":{"start":{"line":306,"column":8},"end":{"line":308,"column":9},"skip":true},"71":{"start":{"line":307,"column":12},"end":{"line":307,"column":82},"skip":true},"72":{"start":{"line":310,"column":8},"end":{"line":312,"column":9},"skip":true},"73":{"start":{"line":311,"column":12},"end":{"line":311,"column":18},"skip":true},"74":{"start":{"line":313,"column":8},"end":{"line":313,"column":54},"skip":true},"75":{"start":{"line":314,"column":8},"end":{"line":314,"column":69},"skip":true},"76":{"start":{"line":315,"column":8},"end":{"line":323,"column":36},"skip":true},"77":{"start":{"line":316,"column":12},"end":{"line":316,"column":61},"skip":true},"78":{"start":{"line":317,"column":12},"end":{"line":320,"column":13},"skip":true},"79":{"start":{"line":318,"column":16},"end":{"line":318,"column":75},"skip":true},"80":{"start":{"line":319,"column":16},"end":{"line":319,"column":23},"skip":true},"81":{"start":{"line":321,"column":12},"end":{"line":321,"column":38},"skip":true},"82":{"start":{"line":322,"column":12},"end":{"line":322,"column":27},"skip":true},"83":{"start":{"line":324,"column":8},"end":{"line":324,"column":14},"skip":true}},"branchMap":{"1":{"line":39,"type":"binary-expr","locations":[{"start":{"line":39,"column":23},"end":{"line":39,"column":62}},{"start":{"line":40,"column":20},"end":{"line":40,"column":70}},{"start":{"line":41,"column":20},"end":{"line":41,"column":71}},{"start":{"line":42,"column":20},"end":{"line":42,"column":29}}]},"2":{"line":44,"type":"binary-expr","locations":[{"start":{"line":44,"column":23},"end":{"line":44,"column":37}},{"start":{"line":45,"column":20},"end":{"line":45,"column":61}},{"start":{"line":46,"column":20},"end":{"line":46,"column":70}},{"start":{"line":47,"column":20},"end":{"line":47,"column":26}}]},"3":{"line":51,"type":"cond-expr","locations":[{"start":{"line":52,"column":14},"end":{"line":52,"column":20}},{"start":{"line":53,"column":14},"end":{"line":53,"column":20}}]},"4":{"line":55,"type":"binary-expr","locations":[{"start":{"line":55,"column":16},"end":{"line":55,"column":44}},{"start":{"line":55,"column":49},"end":{"line":57,"column":43}}]},"5":{"line":55,"type":"cond-expr","locations":[{"start":{"line":56,"column":14},"end":{"line":56,"column":48}},{"start":{"line":57,"column":14},"end":{"line":57,"column":43}}]},"6":{"line":61,"type":"switch","locations":[{"start":{"line":68,"column":4},"end":{"line":150,"column":14},"skip":true},{"start":{"line":156,"column":4},"end":{"line":324,"column":14},"skip":true}]},"7":{"line":70,"type":"if","locations":[{"start":{"line":70,"column":12},"end":{"line":70,"column":12},"skip":true},{"start":{"line":70,"column":12},"end":{"line":70,"column":12},"skip":true}]},"8":{"line":70,"type":"binary-expr","locations":[{"start":{"line":70,"column":16},"end":{"line":70,"column":22},"skip":true},{"start":{"line":70,"column":27},"end":{"line":70,"column":32},"skip":true},{"start":{"line":71,"column":20},"end":{"line":71,"column":39},"skip":true},{"start":{"line":72,"column":20},"end":{"line":72,"column":49},"skip":true},{"start":{"line":73,"column":20},"end":{"line":73,"column":58},"skip":true},{"start":{"line":74,"column":20},"end":{"line":74,"column":69},"skip":true}]},"9":{"line":79,"type":"switch","locations":[{"start":{"line":80,"column":20},"end":{"line":80,"column":33},"skip":true},{"start":{"line":81,"column":20},"end":{"line":83,"column":30},"skip":true},{"start":{"line":84,"column":20},"end":{"line":85,"column":49},"skip":true}]},"10":{"line":89,"type":"switch","locations":[{"start":{"line":90,"column":12},"end":{"line":103,"column":22},"skip":true},{"start":{"line":105,"column":12},"end":{"line":106,"column":22},"skip":true}]},"11":{"line":89,"type":"binary-expr","locations":[{"start":{"line":89,"column":20},"end":{"line":89,"column":25},"skip":true},{"start":{"line":89,"column":29},"end":{"line":89,"column":48},"skip":true},{"start":{"line":89,"column":52},"end":{"line":89,"column":74},"skip":true}]},"12":{"line":92,"type":"if","locations":[{"start":{"line":92,"column":16},"end":{"line":92,"column":16},"skip":true},{"start":{"line":92,"column":16},"end":{"line":92,"column":16},"skip":true}]},"13":{"line":108,"type":"if","locations":[{"start":{"line":108,"column":12},"end":{"line":108,"column":12},"skip":true},{"start":{"line":108,"column":12},"end":{"line":108,"column":12},"skip":true}]},"14":{"line":108,"type":"binary-expr","locations":[{"start":{"line":108,"column":16},"end":{"line":108,"column":61},"skip":true},{"start":{"line":108,"column":66},"end":{"line":108,"column":72},"skip":true},{"start":{"line":108,"column":77},"end":{"line":108,"column":82},"skip":true},{"start":{"line":109,"column":20},"end":{"line":109,"column":39},"skip":true},{"start":{"line":110,"column":20},"end":{"line":110,"column":49},"skip":true},{"start":{"line":111,"column":20},"end":{"line":111,"column":58},"skip":true},{"start":{"line":112,"column":20},"end":{"line":112,"column":68},"skip":true}]},"15":{"line":129,"type":"if","locations":[{"start":{"line":129,"column":16},"end":{"line":129,"column":16},"skip":true},{"start":{"line":129,"column":16},"end":{"line":129,"column":16},"skip":true}]},"16":{"line":134,"type":"cond-expr","locations":[{"start":{"line":135,"column":26},"end":{"line":135,"column":29},"skip":true},{"start":{"line":136,"column":26},"end":{"line":136,"column":54},"skip":true}]},"17":{"line":164,"type":"binary-expr","locations":[{"start":{"line":164,"column":27},"end":{"line":164,"column":43},"skip":true},{"start":{"line":164,"column":47},"end":{"line":164,"column":49},"skip":true}]},"18":{"line":258,"type":"if","locations":[{"start":{"line":258,"column":8},"end":{"line":258,"column":8},"skip":true},{"start":{"line":258,"column":8},"end":{"line":258,"column":8},"skip":true}]},"19":{"line":275,"type":"switch","locations":[{"start":{"line":276,"column":20},"end":{"line":277,"column":64},"skip":true},{"start":{"line":278,"column":20},"end":{"line":279,"column":40},"skip":true},{"start":{"line":280,"column":20},"end":{"line":281,"column":40},"skip":true},{"start":{"line":282,"column":20},"end":{"line":283,"column":39},"skip":true}]},"20":{"line":288,"type":"if","locations":[{"start":{"line":288,"column":8},"end":{"line":288,"column":8},"skip":true},{"start":{"line":288,"column":8},"end":{"line":288,"column":8},"skip":true}]},"21":{"line":288,"type":"binary-expr","locations":[{"start":{"line":288,"column":12},"end":{"line":288,"column":40},"skip":true},{"start":{"line":288,"column":44},"end":{"line":288,"column":67},"skip":true}]},"22":{"line":292,"type":"binary-expr","locations":[{"start":{"line":292,"column":12},"end":{"line":292,"column":50},"skip":true},{"start":{"line":293,"column":12},"end":{"line":293,"column":53},"skip":true}]},"23":{"line":297,"type":"binary-expr","locations":[{"start":{"line":297,"column":12},"end":{"line":297,"column":62},"skip":true},{"start":{"line":298,"column":12},"end":{"line":301,"column":36},"skip":true}]},"24":{"line":303,"type":"binary-expr","locations":[{"start":{"line":303,"column":43},"end":{"line":303,"column":75},"skip":true},{"start":{"line":303,"column":79},"end":{"line":303,"column":81},"skip":true}]},"25":{"line":306,"type":"if","locations":[{"start":{"line":306,"column":8},"end":{"line":306,"column":8},"skip":true},{"start":{"line":306,"column":8},"end":{"line":306,"column":8},"skip":true}]},"26":{"line":310,"type":"if","locations":[{"start":{"line":310,"column":8},"end":{"line":310,"column":8},"skip":true},{"start":{"line":310,"column":8},"end":{"line":310,"column":8},"skip":true}]},"27":{"line":313,"type":"binary-expr","locations":[{"start":{"line":313,"column":27},"end":{"line":313,"column":43},"skip":true},{"start":{"line":313,"column":47},"end":{"line":313,"column":53},"skip":true}]},"28":{"line":317,"type":"if","locations":[{"start":{"line":317,"column":12},"end":{"line":317,"column":12},"skip":true},{"start":{"line":317,"column":12},"end":{"line":317,"column":12},"skip":true}]}},"code":["/*","example.js","","quickstart example","","instruction","    1. save this script as example.js","    2. run the shell command:","        $ npm install npmtest-wire && PORT=8081 node example.js","    3. play with the browser-demo on http://127.0.0.1:8081","*/","","","","/* istanbul instrument in package npmtest_wire */","/*jslint","    bitwise: true,","    browser: true,","    maxerr: 8,","    maxlen: 96,","    node: true,","    nomen: true,","    regexp: true,","    stupid: true","*/","(function () {","    'use strict';","    var local;","","","","    // run shared js-env code - pre-init","    (function () {","        // init local","        local = {};","        // init modeJs","        local.modeJs = (function () {","            try {","                return typeof navigator.userAgent === 'string' &&","                    typeof document.querySelector('body') === 'object' &&","                    typeof XMLHttpRequest.prototype.open === 'function' &&","                    'browser';","            } catch (errorCaughtBrowser) {","                return module.exports &&","                    typeof process.versions.node === 'string' &&","                    typeof require('http').createServer === 'function' &&","                    'node';","            }","        }());","        // init global","        local.global = local.modeJs === 'browser'","            ? window","            : global;","        // init utility2_rollup","        local = local.global.utility2_rollup || (local.modeJs === 'browser'","            ? local.global.utility2_npmtest_wire","            : global.utility2_moduleExports);","        // export local","        local.global.local = local;","    }());","    switch (local.modeJs) {","","","","    // post-init","    // run browser js-env code - post-init","    /* istanbul ignore next */","    case 'browser':","        local.testRunBrowser = function (event) {","            if (!event || (event &&","                    event.currentTarget &&","                    event.currentTarget.className &&","                    event.currentTarget.className.includes &&","                    event.currentTarget.className.includes('onreset'))) {","                // reset output","                Array.from(","                    document.querySelectorAll('body > .resettable')","                ).forEach(function (element) {","                    switch (element.tagName) {","                    case 'INPUT':","                    case 'TEXTAREA':","                        element.value = '';","                        break;","                    default:","                        element.textContent = '';","                    }","                });","            }","            switch (event && event.currentTarget && event.currentTarget.id) {","            case 'testRunButton1':","                // show tests","                if (document.querySelector('#testReportDiv1').style.display === 'none') {","                    document.querySelector('#testReportDiv1').style.display = 'block';","                    document.querySelector('#testRunButton1').textContent =","                        'hide internal test';","                    local.modeTest = true;","                    local.testRunDefault(local);","                // hide tests","                } else {","                    document.querySelector('#testReportDiv1').style.display = 'none';","                    document.querySelector('#testRunButton1').textContent = 'run internal test';","                }","                break;","            // custom-case","            default:","                break;","            }","            if (document.querySelector('#inputTextareaEval1') && (!event || (event &&","                    event.currentTarget &&","                    event.currentTarget.className &&","                    event.currentTarget.className.includes &&","                    event.currentTarget.className.includes('oneval')))) {","                // try to eval input-code","                try {","                    /*jslint evil: true*/","                    eval(document.querySelector('#inputTextareaEval1').value);","                } catch (errorCaught) {","                    console.error(errorCaught);","                }","            }","        };","        // log stderr and stdout to #outputTextareaStdout1","        ['error', 'log'].forEach(function (key) {","            console[key + '_original'] = console[key];","            console[key] = function () {","                var element;","                console[key + '_original'].apply(console, arguments);","                element = document.querySelector('#outputTextareaStdout1');","                if (!element) {","                    return;","                }","                // append text to #outputTextareaStdout1","                element.value += Array.from(arguments).map(function (arg) {","                    return typeof arg === 'string'","                        ? arg","                        : JSON.stringify(arg, null, 4);","                }).join(' ') + '\\n';","                // scroll textarea to bottom","                element.scrollTop = element.scrollHeight;","            };","        });","        // init event-handling","        ['change', 'click', 'keyup'].forEach(function (event) {","            Array.from(document.querySelectorAll('.on' + event)).forEach(function (element) {","                element.addEventListener(event, local.testRunBrowser);","            });","        });","        // run tests","        local.testRunBrowser();","        break;","","","","    // run node js-env code - post-init","    /* istanbul ignore next */","    case 'node':","        // export local","        module.exports = local;","        // require modules","        local.fs = require('fs');","        local.http = require('http');","        local.url = require('url');","        // init assets","        local.assetsDict = local.assetsDict || {};","        /* jslint-ignore-begin */","        local.assetsDict['/assets.index.template.html'] = '\\","<!doctype html>\\n\\","<html lang=\"en\">\\n\\","<head>\\n\\","<meta charset=\"UTF-8\">\\n\\","<meta name=\"viewport\" content=\"width=device-width, initial-scale=1\">\\n\\","<title>{{env.npm_package_name}} (v{{env.npm_package_version}})</title>\\n\\","<style>\\n\\","/*csslint\\n\\","    box-sizing: false,\\n\\","    universal-selector: false\\n\\","*/\\n\\","* {\\n\\","    box-sizing: border-box;\\n\\","}\\n\\","body {\\n\\","    background: #dde;\\n\\","    font-family: Arial, Helvetica, sans-serif;\\n\\","    margin: 2rem;\\n\\","}\\n\\","body > * {\\n\\","    margin-bottom: 1rem;\\n\\","}\\n\\",".utility2FooterDiv {\\n\\","    margin-top: 20px;\\n\\","    text-align: center;\\n\\","}\\n\\","</style>\\n\\","<style>\\n\\","/*csslint\\n\\","*/\\n\\","textarea {\\n\\","    font-family: monospace;\\n\\","    height: 10rem;\\n\\","    width: 100%;\\n\\","}\\n\\","textarea[readonly] {\\n\\","    background: #ddd;\\n\\","}\\n\\","</style>\\n\\","</head>\\n\\","<body>\\n\\","<!-- utility2-comment\\n\\","<div id=\"ajaxProgressDiv1\" style=\"background: #d00; height: 2px; left: 0; margin: 0; padding: 0; position: fixed; top: 0; transition: background 0.5s, width 1.5s; width: 25%;\"></div>\\n\\","utility2-comment -->\\n\\","<h1>\\n\\","<!-- utility2-comment\\n\\","    <a\\n\\","        {{#if env.npm_package_homepage}}\\n\\","        href=\"{{env.npm_package_homepage}}\"\\n\\","        {{/if env.npm_package_homepage}}\\n\\","        target=\"_blank\"\\n\\","    >\\n\\","utility2-comment -->\\n\\","        {{env.npm_package_name}} (v{{env.npm_package_version}})\\n\\","<!-- utility2-comment\\n\\","    </a>\\n\\","utility2-comment -->\\n\\","</h1>\\n\\","<h3>{{env.npm_package_description}}</h3>\\n\\","<!-- utility2-comment\\n\\","<h4><a download href=\"assets.app.js\">download standalone app</a></h4>\\n\\","<button class=\"onclick onreset\" id=\"testRunButton1\">run internal test</button><br>\\n\\","<div id=\"testReportDiv1\" style=\"display: none;\"></div>\\n\\","utility2-comment -->\\n\\","\\n\\","\\n\\","\\n\\","<label>stderr and stdout</label>\\n\\","<textarea class=\"resettable\" id=\"outputTextareaStdout1\" readonly></textarea>\\n\\","<!-- utility2-comment\\n\\","{{#if isRollup}}\\n\\","<script src=\"assets.app.js\"></script>\\n\\","{{#unless isRollup}}\\n\\","utility2-comment -->\\n\\","<script src=\"assets.utility2.rollup.js\"></script>\\n\\","<script src=\"jsonp.utility2._stateInit?callback=window.utility2._stateInit\"></script>\\n\\","<script src=\"assets.npmtest_wire.rollup.js\"></script>\\n\\","<script src=\"assets.example.js\"></script>\\n\\","<script src=\"assets.test.js\"></script>\\n\\","<!-- utility2-comment\\n\\","{{/if isRollup}}\\n\\","utility2-comment -->\\n\\","<div class=\"utility2FooterDiv\">\\n\\","    [ this app was created with\\n\\","    <a href=\"https://github.com/kaizhu256/node-utility2\" target=\"_blank\">utility2</a>\\n\\","    ]\\n\\","</div>\\n\\","</body>\\n\\","</html>\\n\\","';","        /* jslint-ignore-end */","        if (local.templateRender) {","            local.assetsDict['/'] = local.templateRender(","                local.assetsDict['/assets.index.template.html'],","                {","                    env: local.objectSetDefault(local.env, {","                        npm_package_description: 'the greatest app in the world!',","                        npm_package_name: 'my-app',","                        npm_package_nameAlias: 'my_app',","                        npm_package_version: '0.0.1'","                    })","                }","            );","        } else {","            local.assetsDict['/'] = local.assetsDict['/assets.index.template.html']","                .replace((/\\{\\{env\\.(\\w+?)\\}\\}/g), function (match0, match1) {","                    // jslint-hack","                    String(match0);","                    switch (match1) {","                    case 'npm_package_description':","                        return 'the greatest app in the world!';","                    case 'npm_package_name':","                        return 'my-app';","                    case 'npm_package_nameAlias':","                        return 'my_app';","                    case 'npm_package_version':","                        return '0.0.1';","                    }","                });","        }","        // run the cli","        if (local.global.utility2_rollup || module !== require.main) {","            break;","        }","        local.assetsDict['/assets.example.js'] =","            local.assetsDict['/assets.example.js'] ||","            local.fs.readFileSync(__filename, 'utf8');","        // bug-workaround - long $npm_package_buildCustomOrg","        /* jslint-ignore-begin */","        local.assetsDict['/assets.npmtest_wire.rollup.js'] =","            local.assetsDict['/assets.npmtest_wire.rollup.js'] ||","            local.fs.readFileSync(","                local.npmtest_wire.__dirname + '/lib.npmtest_wire.js',","                'utf8'","            ).replace((/^#!/), '//');","        /* jslint-ignore-end */","        local.assetsDict['/favicon.ico'] = local.assetsDict['/favicon.ico'] || '';","        // if $npm_config_timeout_exit exists,","        // then exit this process after $npm_config_timeout_exit ms","        if (Number(process.env.npm_config_timeout_exit)) {","            setTimeout(process.exit, Number(process.env.npm_config_timeout_exit));","        }","        // start server","        if (local.global.utility2_serverHttp1) {","            break;","        }","        process.env.PORT = process.env.PORT || '8081';","        console.error('server starting on port ' + process.env.PORT);","        local.http.createServer(function (request, response) {","            request.urlParsed = local.url.parse(request.url);","            if (local.assetsDict[request.urlParsed.pathname] !== undefined) {","                response.end(local.assetsDict[request.urlParsed.pathname]);","                return;","            }","            response.statusCode = 404;","            response.end();","        }).listen(process.env.PORT);","        break;","    }","}());",""],"l":{"26":2,"28":2,"33":2,"35":2,"37":2,"38":2,"39":2,"44":1,"51":2,"55":2,"59":2,"61":2,"69":1,"70":2,"76":2,"79":2,"82":2,"83":2,"85":1,"89":2,"92":1,"93":1,"94":1,"96":1,"97":1,"100":1,"101":1,"103":1,"106":1,"108":2,"114":1,"116":1,"118":1,"123":1,"124":2,"125":2,"126":3,"127":3,"128":3,"129":3,"130":1,"133":3,"134":3,"139":3,"143":1,"144":3,"145":1,"149":1,"150":1,"158":1,"160":1,"161":1,"162":1,"164":1,"166":1,"258":1,"259":1,"271":1,"274":6,"275":6,"277":1,"279":2,"281":1,"283":2,"288":1,"289":1,"291":1,"296":1,"303":1,"306":1,"307":1,"310":1,"311":1,"313":1,"314":1,"315":1,"316":1,"317":1,"318":1,"319":1,"321":1,"322":1,"324":1}},"/home/travis/build/npmtest/node-npmtest-wire/node_modules/wire/wire.js":{"path":"/home/travis/build/npmtest/node-npmtest-wire/node_modules/wire/wire.js","s":{"1":1,"2":1,"3":1,"4":1,"5":1,"6":1,"7":1,"8":0,"9":0,"10":0,"11":0,"12":1,"13":0,"14":1,"15":0,"16":0,"17":1,"18":1,"19":1,"20":1},"b":{"1":[0,0],"2":[1,1],"3":[0,1],"4":[1,0]},"f":{"1":1,"2":1,"3":0,"4":0,"5":0,"6":0,"7":0,"8":1},"fnMap":{"1":{"name":"(anonymous_1)","line":16,"loc":{"start":{"line":16,"column":1},"end":{"line":16,"column":27}}},"2":{"name":"(anonymous_2)","line":17,"loc":{"start":{"line":17,"column":7},"end":{"line":17,"column":25}}},"3":{"name":"wire","line":48,"loc":{"start":{"line":48,"column":1},"end":{"line":48,"column":30}}},"4":{"name":"(anonymous_4)","line":56,"loc":{"start":{"line":56,"column":26},"end":{"line":56,"column":42}}},"5":{"name":"amdLoad","line":71,"loc":{"start":{"line":71,"column":13},"end":{"line":71,"column":65}}},"6":{"name":"crash","line":78,"loc":{"start":{"line":78,"column":2},"end":{"line":78,"column":20}}},"7":{"name":"(anonymous_7)","line":81,"loc":{"start":{"line":81,"column":14},"end":{"line":81,"column":25}}},"8":{"name":"(anonymous_8)","line":98,"loc":{"start":{"line":98,"column":13},"end":{"line":98,"column":31}}}},"statementMap":{"1":{"start":{"line":16,"column":0},"end":{"line":99,"column":2}},"2":{"start":{"line":17,"column":0},"end":{"line":94,"column":3}},"3":{"start":{"line":19,"column":1},"end":{"line":19,"column":45}},"4":{"start":{"line":21,"column":1},"end":{"line":21,"column":26}},"5":{"start":{"line":23,"column":1},"end":{"line":23,"column":42}},"6":{"start":{"line":25,"column":1},"end":{"line":25,"column":36}},"7":{"start":{"line":48,"column":1},"end":{"line":59,"column":2}},"8":{"start":{"line":51,"column":2},"end":{"line":53,"column":3}},"9":{"start":{"line":52,"column":3},"end":{"line":52,"column":60}},"10":{"start":{"line":56,"column":2},"end":{"line":58,"column":5}},"11":{"start":{"line":57,"column":3},"end":{"line":57,"column":35}},"12":{"start":{"line":71,"column":1},"end":{"line":83,"column":3}},"13":{"start":{"line":74,"column":2},"end":{"line":76,"column":21}},"14":{"start":{"line":78,"column":2},"end":{"line":82,"column":3}},"15":{"start":{"line":81,"column":3},"end":{"line":81,"column":42}},"16":{"start":{"line":81,"column":27},"end":{"line":81,"column":35}},"17":{"start":{"line":89,"column":1},"end":{"line":89,"column":41}},"18":{"start":{"line":90,"column":1},"end":{"line":90,"column":39}},"19":{"start":{"line":92,"column":1},"end":{"line":92,"column":13}},"20":{"start":{"line":98,"column":33},"end":{"line":98,"column":67}}},"branchMap":{"1":{"line":51,"type":"if","locations":[{"start":{"line":51,"column":2},"end":{"line":51,"column":2}},{"start":{"line":51,"column":2},"end":{"line":51,"column":2}}]},"2":{"line":96,"type":"binary-expr","locations":[{"start":{"line":96,"column":1},"end":{"line":96,"column":13}},{"start":{"line":96,"column":17},"end":{"line":96,"column":19}}]},"3":{"line":97,"type":"cond-expr","locations":[{"start":{"line":98,"column":4},"end":{"line":98,"column":10}},{"start":{"line":98,"column":13},"end":{"line":98,"column":69}}]},"4":{"line":97,"type":"binary-expr","locations":[{"start":{"line":97,"column":1},"end":{"line":97,"column":28}},{"start":{"line":97,"column":32},"end":{"line":97,"column":42}}]}},"code":["/** @license MIT License (c) copyright 2011-2013 original author or authors */","","/**"," * wire"," * Javascript IOC Container"," *"," * wire is part of the cujoJS family of libraries (http://cujojs.com/)"," *"," * Licensed under the MIT License at:"," * http://www.opensource.org/licenses/mit-license.php"," *"," * @author Brian Cavalier"," * @author John Hann"," * @version 0.10.11"," */","(function(rootSpec, define){ 'use strict';","define(function(require) {","","\tvar createContext, rootContext, rootOptions;","","\twire.version = '0.10.11';","","\tcreateContext = require('./lib/context');","","\trootOptions = { require: require };","","\t/**","\t * Main Programmtic API.  The top-level wire function that wires contexts","\t * as direct children of the (possibly implicit) root context.  It ensures","\t * that the root context has been wired before wiring children.","\t *","\t * @public","\t *","\t * @param spec {Object|String|Array|Promise} can be any one of the following:","\t *  1. Object - wiring spec","\t *  2. String - module id of the wiring spec to load and then wire","\t *  3. Array - mixed array of Strings and Objects, each of which is either","\t *   a wiring spec, or the module id of a wiring spec","\t *  4. Promise - a promise for any of the above","\t *  @param options {Object} wiring options","\t *  @param [options.require] {Function} the platform loader function.  Wire will","\t *   attempt to automatically detect what loader to use (AMD, CommonJS, etc.), but","\t *   if you want to explicitly provide it, you can do so.  In some cases this can","\t *   be useful such as providing a local AMD require function so that module ids","\t *   *within the wiring spec* can be relative.","\t *  @return {Promise} a promise for the resulting wired context","\t */","\tfunction wire(spec, options) {","","\t\t// If the root context is not yet wired, wire it first","\t\tif (!rootContext) {","\t\t\trootContext = createContext(rootSpec, null, rootOptions);","\t\t}","","\t\t// Use the rootContext to wire all new contexts.","\t\treturn rootContext.then(function (root) {","\t\t\treturn root.wire(spec, options);","\t\t});","\t}","","\t/**","\t * AMD Loader plugin API","\t * @param name {String} spec module id, or comma-separated list of module ids","\t * @param require {Function} loader-provided local require function","\t * @param done {Function} loader-provided callback to call when wiring","\t *  is completed. May have and error property that a function to call to","\t *  inform the AMD loader of an error.","\t *  See here:","\t *  https://groups.google.com/forum/?fromgroups#!topic/amd-implement/u0f161drdJA","\t */","\twire.load = function amdLoad(name, require, done /*, config */) {","\t\t// If it's a string, try to split on ',' since it could be a comma-separated","\t\t// list of spec module ids","\t\twire(name.split(','), { require: require })","\t\t\t.then(done, done.error)","\t\t\t.otherwise(crash);","","\t\tfunction crash(e) {","\t\t\t// Throw uncatchable exception for loaders that don't support","\t\t\t// AMD error handling.  This will propagate up to the host environment","\t\t\tsetTimeout(function() { throw e; }, 0);","\t\t}","\t};","","\t/**","\t * AMD Builder plugin API","\t */","\t// pluginBuilder: './builder/rjs'","\twire['pluginBuilder'] = './builder/rjs';","\twire['cramPlugin'] = './builder/cram';","","\treturn wire;","","});","})(","\tthis['wire'] || {},","\ttypeof define == 'function' && define.amd","\t\t? define : function(factory) { module.exports = factory(require); }",");",""],"l":{"16":1,"17":1,"19":1,"21":1,"23":1,"25":1,"48":1,"51":0,"52":0,"56":0,"57":0,"71":1,"74":0,"78":1,"81":0,"89":1,"90":1,"92":1,"98":1}},"/home/travis/build/npmtest/node-npmtest-wire/node_modules/wire/lib/context.js":{"path":"/home/travis/build/npmtest/node-npmtest-wire/node_modules/wire/lib/context.js","s":{"1":1,"2":1,"3":1,"4":1,"5":1,"6":1,"7":1,"8":1,"9":1,"10":1,"11":0,"12":0,"13":0,"14":0,"15":0,"16":0,"17":0,"18":0,"19":0,"20":0,"21":0,"22":0,"23":1,"24":0,"25":1,"26":0,"27":0,"28":1,"29":0,"30":0,"31":0,"32":0,"33":0,"34":0,"35":0,"36":0,"37":0,"38":0,"39":1},"b":{"1":[0,0],"2":[0,0],"3":[0,0],"4":[0,0],"5":[0,0],"6":[0,0],"7":[0,0],"8":[0,0],"9":[0,1]},"f":{"1":1,"2":1,"3":0,"4":0,"5":0,"6":0,"7":0,"8":0,"9":0,"10":0,"11":1},"fnMap":{"1":{"name":"(anonymous_1)","line":10,"loc":{"start":{"line":10,"column":1},"end":{"line":10,"column":17}}},"2":{"name":"(anonymous_2)","line":11,"loc":{"start":{"line":11,"column":7},"end":{"line":11,"column":25}}},"3":{"name":"createContext","line":37,"loc":{"start":{"line":37,"column":8},"end":{"line":37,"column":55}}},"4":{"name":"(anonymous_4)","line":47,"loc":{"start":{"line":47,"column":21},"end":{"line":47,"column":37}}},"5":{"name":"(anonymous_5)","line":51,"loc":{"start":{"line":51,"column":55},"end":{"line":51,"column":70}}},"6":{"name":"(anonymous_6)","line":56,"loc":{"start":{"line":56,"column":37},"end":{"line":56,"column":55}}},"7":{"name":"createContextLoader","line":63,"loc":{"start":{"line":63,"column":1},"end":{"line":63,"column":52}}},"8":{"name":"createSpecLoader","line":75,"loc":{"start":{"line":75,"column":1},"end":{"line":75,"column":57}}},"9":{"name":"findBaseId","line":83,"loc":{"start":{"line":83,"column":1},"end":{"line":83,"column":28}}},"10":{"name":"(anonymous_10)","line":94,"loc":{"start":{"line":94,"column":13},"end":{"line":94,"column":28}}},"11":{"name":"(anonymous_11)","line":104,"loc":{"start":{"line":104,"column":42},"end":{"line":104,"column":60}}}},"statementMap":{"1":{"start":{"line":10,"column":0},"end":{"line":104,"column":101}},"2":{"start":{"line":11,"column":0},"end":{"line":103,"column":3}},"3":{"start":{"line":13,"column":1},"end":{"line":13,"column":70}},"4":{"start":{"line":15,"column":1},"end":{"line":15,"column":24}},"5":{"start":{"line":16,"column":1},"end":{"line":16,"column":35}},"6":{"start":{"line":17,"column":1},"end":{"line":17,"column":45}},"7":{"start":{"line":18,"column":1},"end":{"line":18,"column":47}},"8":{"start":{"line":19,"column":1},"end":{"line":19,"column":36}},"9":{"start":{"line":20,"column":1},"end":{"line":20,"column":36}},"10":{"start":{"line":37,"column":1},"end":{"line":61,"column":3}},"11":{"start":{"line":40,"column":2},"end":{"line":40,"column":32}},"12":{"start":{"line":40,"column":17},"end":{"line":40,"column":30}},"13":{"start":{"line":41,"column":2},"end":{"line":41,"column":32}},"14":{"start":{"line":41,"column":17},"end":{"line":41,"column":30}},"15":{"start":{"line":43,"column":2},"end":{"line":43,"column":40}},"16":{"start":{"line":45,"column":2},"end":{"line":45,"column":74}},"17":{"start":{"line":47,"column":2},"end":{"line":60,"column":5}},"18":{"start":{"line":48,"column":3},"end":{"line":49,"column":55}},"19":{"start":{"line":51,"column":3},"end":{"line":59,"column":6}},"20":{"start":{"line":53,"column":4},"end":{"line":53,"column":51}},"21":{"start":{"line":56,"column":4},"end":{"line":58,"column":7}},"22":{"start":{"line":57,"column":5},"end":{"line":57,"column":30}},"23":{"start":{"line":63,"column":1},"end":{"line":65,"column":2}},"24":{"start":{"line":64,"column":2},"end":{"line":64,"column":70}},"25":{"start":{"line":75,"column":1},"end":{"line":81,"column":2}},"26":{"start":{"line":76,"column":2},"end":{"line":78,"column":44}},"27":{"start":{"line":80,"column":2},"end":{"line":80,"column":20}},"28":{"start":{"line":83,"column":1},"end":{"line":102,"column":2}},"29":{"start":{"line":84,"column":2},"end":{"line":84,"column":14}},"30":{"start":{"line":86,"column":2},"end":{"line":88,"column":3}},"31":{"start":{"line":87,"column":3},"end":{"line":87,"column":16}},"32":{"start":{"line":90,"column":2},"end":{"line":92,"column":3}},"33":{"start":{"line":91,"column":3},"end":{"line":91,"column":10}},"34":{"start":{"line":94,"column":2},"end":{"line":99,"column":5}},"35":{"start":{"line":95,"column":3},"end":{"line":98,"column":4}},"36":{"start":{"line":96,"column":4},"end":{"line":96,"column":19}},"37":{"start":{"line":97,"column":4},"end":{"line":97,"column":16}},"38":{"start":{"line":101,"column":2},"end":{"line":101,"column":17}},"39":{"start":{"line":104,"column":62},"end":{"line":104,"column":96}}},"branchMap":{"1":{"line":40,"type":"if","locations":[{"start":{"line":40,"column":2},"end":{"line":40,"column":2}},{"start":{"line":40,"column":2},"end":{"line":40,"column":2}}]},"2":{"line":41,"type":"if","locations":[{"start":{"line":41,"column":2},"end":{"line":41,"column":2}},{"start":{"line":41,"column":2},"end":{"line":41,"column":2}}]},"3":{"line":64,"type":"cond-expr","locations":[{"start":{"line":64,"column":18},"end":{"line":64,"column":54}},{"start":{"line":64,"column":57},"end":{"line":64,"column":69}}]},"4":{"line":76,"type":"cond-expr","locations":[{"start":{"line":77,"column":5},"end":{"line":77,"column":34}},{"start":{"line":78,"column":5},"end":{"line":78,"column":43}}]},"5":{"line":78,"type":"binary-expr","locations":[{"start":{"line":78,"column":5},"end":{"line":78,"column":17}},{"start":{"line":78,"column":21},"end":{"line":78,"column":43}}]},"6":{"line":86,"type":"if","locations":[{"start":{"line":86,"column":2},"end":{"line":86,"column":2}},{"start":{"line":86,"column":2},"end":{"line":86,"column":2}}]},"7":{"line":90,"type":"if","locations":[{"start":{"line":90,"column":2},"end":{"line":90,"column":2}},{"start":{"line":90,"column":2},"end":{"line":90,"column":2}}]},"8":{"line":95,"type":"if","locations":[{"start":{"line":95,"column":3},"end":{"line":95,"column":3}},{"start":{"line":95,"column":3},"end":{"line":95,"column":3}}]},"9":{"line":104,"type":"cond-expr","locations":[{"start":{"line":104,"column":33},"end":{"line":104,"column":39}},{"start":{"line":104,"column":42},"end":{"line":104,"column":98}}]}},"code":["/** @license MIT License (c) copyright 2010-2013 original author or authors */","","/**"," * Licensed under the MIT License at:"," * http://www.opensource.org/licenses/mit-license.php"," *"," * @author: Brian Cavalier"," * @author: John Hann"," */","(function(define){ 'use strict';","define(function(require) {","","\tvar when, mixin, loaderAdapter, relativeLoader, Container, specUtils;","","\twhen = require('when');","\tmixin = require('./object').mixin;","\tloaderAdapter = require('./loader/adapter');","\trelativeLoader = require('./loader/relative');","\tContainer = require('./Container');","\tspecUtils = require('./specUtils');","","\t/**","\t * Creates a new context from the supplied specs, with the supplied","\t * parent context. If specs is an {Array}, it may be a mixed array","\t * of string module ids, and object literal specs.  All spec module","\t * ids will be loaded, and then all specs will be merged from","\t * left-to-right (rightmost wins), and the resulting, merged spec will","\t * be wired.","\t * @private","\t *","\t * @param {String|Object|String[]|Object[]} specs","\t * @param {Object} parent context","\t * @param {Object} [options]","\t *","\t * @return {Promise} a promise for the new context","\t */","\treturn function createContext(specs, parent, options) {","\t\t// Do the actual wiring after all specs have been loaded","","\t\tif(!options) { options = {}; }","\t\tif(!parent)  { parent  = {}; }","","\t\toptions.createContext = createContext;","","\t\tvar specLoader = createSpecLoader(parent.moduleLoader, options.require);","","\t\treturn when(specs, function(specs) {","\t\t\toptions.moduleLoader =","\t\t\t\tcreateContextLoader(specLoader, findBaseId(specs));","","\t\t\treturn specUtils.mergeSpecs(specLoader, specs).then(function(spec) {","","\t\t\t\tvar container = new Container(parent, options);","","\t\t\t\t// Expose only the component instances and controlled API","\t\t\t\treturn container.init(spec).then(function(context) {","\t\t\t\t\treturn context.instances;","\t\t\t\t});","\t\t\t});","\t\t});","\t};","","\tfunction createContextLoader(parentLoader, baseId) {","\t\treturn baseId ? relativeLoader(parentLoader, baseId) : parentLoader;","\t}","","\t/**","\t * Create a module loader","\t * @param {function} [platformLoader] platform require function with which","\t *  to configure the module loader","\t * @param {function} [parentLoader] existing module loader from which","\t *  the new module loader will inherit, if provided.","\t * @return {Object} module loader with load() and merge() methods","\t */","\tfunction createSpecLoader(parentLoader, platformLoader) {","\t\tvar loadModule = typeof platformLoader == 'function'","\t\t\t? loaderAdapter(platformLoader)","\t\t\t: parentLoader || loaderAdapter(require);","","\t\treturn loadModule;","\t}","","\tfunction findBaseId(specs) {","\t\tvar firstId;","","\t\tif(typeof specs === 'string') {","\t\t\treturn specs;","\t\t}","","\t\tif(!Array.isArray(specs)) {","\t\t\treturn;","\t\t}","","\t\tspecs.some(function(spec) {","\t\t\tif(typeof spec === 'string') {","\t\t\t\tfirstId = spec;","\t\t\t\treturn true;","\t\t\t}","\t\t});","","\t\treturn firstId;","\t}","});","}(typeof define === 'function' ? define : function(factory) { module.exports = factory(require); }));",""],"l":{"10":1,"11":1,"13":1,"15":1,"16":1,"17":1,"18":1,"19":1,"20":1,"37":1,"40":0,"41":0,"43":0,"45":0,"47":0,"48":0,"51":0,"53":0,"56":0,"57":0,"63":1,"64":0,"75":1,"76":0,"80":0,"83":1,"84":0,"86":0,"87":0,"90":0,"91":0,"94":0,"95":0,"96":0,"97":0,"101":0,"104":1}},"/home/travis/build/npmtest/node-npmtest-wire/node_modules/wire/lib/object.js":{"path":"/home/travis/build/npmtest/node-npmtest-wire/node_modules/wire/lib/object.js","s":{"1":1,"2":1,"3":1,"4":1,"5":1,"6":1,"7":0,"8":1,"9":2,"10":1,"11":2,"12":0,"13":2,"14":12,"15":12,"16":1,"17":2,"18":1},"b":{"1":[0,0],"2":[2,0],"3":[0,2],"4":[0,1]},"f":{"1":1,"2":1,"3":0,"4":2,"5":2,"6":12,"7":2,"8":1},"fnMap":{"1":{"name":"(anonymous_1)","line":8,"loc":{"start":{"line":8,"column":1},"end":{"line":8,"column":17}}},"2":{"name":"(anonymous_2)","line":9,"loc":{"start":{"line":9,"column":7},"end":{"line":9,"column":18}}},"3":{"name":"isObject","line":23,"loc":{"start":{"line":23,"column":1},"end":{"line":23,"column":23}}},"4":{"name":"inherit","line":30,"loc":{"start":{"line":30,"column":1},"end":{"line":30,"column":26}}},"5":{"name":"mixin","line":41,"loc":{"start":{"line":41,"column":1},"end":{"line":41,"column":26}}},"6":{"name":"(anonymous_6)","line":46,"loc":{"start":{"line":46,"column":34},"end":{"line":46,"column":52}}},"7":{"name":"extend","line":59,"loc":{"start":{"line":59,"column":1},"end":{"line":59,"column":35}}},"8":{"name":"(anonymous_8)","line":68,"loc":{"start":{"line":68,"column":3},"end":{"line":68,"column":21}}}},"statementMap":{"1":{"start":{"line":8,"column":0},"end":{"line":69,"column":2}},"2":{"start":{"line":9,"column":0},"end":{"line":63,"column":3}},"3":{"start":{"line":11,"column":1},"end":{"line":11,"column":12}},"4":{"start":{"line":13,"column":1},"end":{"line":13,"column":85}},"5":{"start":{"line":15,"column":1},"end":{"line":21,"column":3}},"6":{"start":{"line":23,"column":1},"end":{"line":28,"column":2}},"7":{"start":{"line":27,"column":2},"end":{"line":27,"column":71}},"8":{"start":{"line":30,"column":1},"end":{"line":32,"column":2}},"9":{"start":{"line":31,"column":2},"end":{"line":31,"column":45}},"10":{"start":{"line":41,"column":1},"end":{"line":50,"column":2}},"11":{"start":{"line":42,"column":2},"end":{"line":44,"column":3}},"12":{"start":{"line":43,"column":3},"end":{"line":43,"column":13}},"13":{"start":{"line":46,"column":2},"end":{"line":49,"column":9}},"14":{"start":{"line":47,"column":3},"end":{"line":47,"column":23}},"15":{"start":{"line":48,"column":3},"end":{"line":48,"column":13}},"16":{"start":{"line":59,"column":1},"end":{"line":61,"column":2}},"17":{"start":{"line":60,"column":2},"end":{"line":60,"column":42}},"18":{"start":{"line":68,"column":23},"end":{"line":68,"column":50}}},"branchMap":{"1":{"line":27,"type":"binary-expr","locations":[{"start":{"line":27,"column":9},"end":{"line":27,"column":11}},{"start":{"line":27,"column":15},"end":{"line":27,"column":70}}]},"2":{"line":31,"type":"cond-expr","locations":[{"start":{"line":31,"column":18},"end":{"line":31,"column":39}},{"start":{"line":31,"column":42},"end":{"line":31,"column":44}}]},"3":{"line":42,"type":"if","locations":[{"start":{"line":42,"column":2},"end":{"line":42,"column":2}},{"start":{"line":42,"column":2},"end":{"line":42,"column":2}}]},"4":{"line":64,"type":"cond-expr","locations":[{"start":{"line":66,"column":3},"end":{"line":66,"column":9}},{"start":{"line":68,"column":3},"end":{"line":68,"column":52}}]}},"code":["/** @license MIT License (c) copyright B Cavalier & J Hann */","","/**"," * Licensed under the MIT License at:"," * http://www.opensource.org/licenses/mit-license.php"," */","","(function(define){ 'use strict';","define(function() {","","\tvar hasOwn;","","\thasOwn = Object.prototype.hasOwnProperty.call.bind(Object.prototype.hasOwnProperty);","","\treturn {","\t\thasOwn: hasOwn,","\t\tisObject: isObject,","\t\tinherit: inherit,","\t\tmixin: mixin,","\t\textend: extend","\t};","","\tfunction isObject(it) {","\t\t// In IE7 tos.call(null) is '[object Object]'","\t\t// so we need to check to see if 'it' is","\t\t// even set","\t\treturn it && Object.prototype.toString.call(it) == '[object Object]';","\t}","","\tfunction inherit(parent) {","\t\treturn parent ? Object.create(parent) : {};","\t}","","\t/**","\t * Brute force copy own properties from -> to. Effectively an","\t * ES6 Object.assign polyfill, usable with Array.prototype.reduce.","\t * @param {object} to","\t * @param {object} from","\t * @returns {object} to","\t */","\tfunction mixin(to, from) {","\t\tif(!from) {","\t\t\treturn to;","\t\t}","","\t\treturn Object.keys(from).reduce(function(to, key) {","\t\t\tto[key] = from[key];","\t\t\treturn to;","\t\t}, to);","\t}","","\t/**","\t * Beget a new object from base and then mixin own properties from","\t * extensions.  Equivalent to mixin(inherit(base), extensions)","\t * @param {object} base","\t * @param {object} extensions","\t * @returns {object}","\t */","\tfunction extend(base, extensions) {","\t\treturn mixin(inherit(base), extensions);","\t}","","});","})(typeof define == 'function'","\t// AMD","\t? define","\t// CommonJS","\t: function(factory) { module.exports = factory(); }",");"],"l":{"8":1,"9":1,"11":1,"13":1,"15":1,"23":1,"27":0,"30":1,"31":2,"41":1,"42":2,"43":0,"46":2,"47":12,"48":12,"59":1,"60":2,"68":1}},"/home/travis/build/npmtest/node-npmtest-wire/node_modules/wire/lib/loader/adapter.js":{"path":"/home/travis/build/npmtest/node-npmtest-wire/node_modules/wire/lib/loader/adapter.js","s":{"1":1,"2":1,"3":1,"4":1,"5":0,"6":0,"7":0,"8":0,"9":0,"10":0,"11":0,"12":0,"13":1},"b":{"1":[1,0],"2":[0,1]},"f":{"1":1,"2":1,"3":0,"4":0,"5":0,"6":0,"7":1},"fnMap":{"1":{"name":"(anonymous_1)","line":10,"loc":{"start":{"line":10,"column":1},"end":{"line":10,"column":18}}},"2":{"name":"(anonymous_2)","line":11,"loc":{"start":{"line":11,"column":7},"end":{"line":11,"column":25}}},"3":{"name":"(anonymous_3)","line":17,"loc":{"start":{"line":17,"column":4},"end":{"line":17,"column":22}}},"4":{"name":"(anonymous_4)","line":18,"loc":{"start":{"line":18,"column":10},"end":{"line":18,"column":29}}},"5":{"name":"(anonymous_5)","line":26,"loc":{"start":{"line":26,"column":4},"end":{"line":26,"column":23}}},"6":{"name":"(anonymous_6)","line":27,"loc":{"start":{"line":27,"column":10},"end":{"line":27,"column":29}}},"7":{"name":"(anonymous_7)","line":35,"loc":{"start":{"line":35,"column":42},"end":{"line":35,"column":60}}}},"statementMap":{"1":{"start":{"line":10,"column":0},"end":{"line":35,"column":101}},"2":{"start":{"line":11,"column":0},"end":{"line":34,"column":3}},"3":{"start":{"line":13,"column":1},"end":{"line":13,"column":28}},"4":{"start":{"line":16,"column":1},"end":{"line":32,"column":4}},"5":{"start":{"line":18,"column":3},"end":{"line":24,"column":5}},"6":{"start":{"line":19,"column":4},"end":{"line":23,"column":5}},"7":{"start":{"line":20,"column":5},"end":{"line":20,"column":44}},"8":{"start":{"line":22,"column":5},"end":{"line":22,"column":27}},"9":{"start":{"line":27,"column":3},"end":{"line":31,"column":5}},"10":{"start":{"line":28,"column":4},"end":{"line":28,"column":32}},"11":{"start":{"line":29,"column":4},"end":{"line":29,"column":59}},"12":{"start":{"line":30,"column":4},"end":{"line":30,"column":28}},"13":{"start":{"line":35,"column":62},"end":{"line":35,"column":96}}},"branchMap":{"1":{"line":16,"type":"cond-expr","locations":[{"start":{"line":17,"column":4},"end":{"line":25,"column":3}},{"start":{"line":26,"column":4},"end":{"line":32,"column":3}}]},"2":{"line":35,"type":"cond-expr","locations":[{"start":{"line":35,"column":33},"end":{"line":35,"column":39}},{"start":{"line":35,"column":42},"end":{"line":35,"column":98}}]}},"code":["/** @license MIT License (c) copyright 2010-2013 original author or authors */","","/**"," * Licensed under the MIT License at:"," * http://www.opensource.org/licenses/mit-license.php"," *"," * @author: Brian Cavalier"," * @author: John Hann"," */","(function(define) { 'use strict';","define(function(require) {","","\tvar when = require('when');","","\t// Sniff for the platform's loader","\treturn typeof exports == 'object'","\t\t? function(require) {","\t\t\treturn function(moduleId) {","\t\t\t\ttry {","\t\t\t\t\treturn when.resolve(require(moduleId));","\t\t\t\t} catch(e) {","\t\t\t\t\treturn when.reject(e);","\t\t\t\t}","\t\t\t};","\t\t}","\t\t: function (require) {","\t\t\treturn function(moduleId) {","\t\t\t\tvar deferred = when.defer();","\t\t\t\trequire([moduleId], deferred.resolve, deferred.reject);","\t\t\t\treturn deferred.promise;","\t\t\t};","\t\t};","","});","}(typeof define === 'function' ? define : function(factory) { module.exports = factory(require); }));","",""],"l":{"10":1,"11":1,"13":1,"16":1,"18":0,"19":0,"20":0,"22":0,"27":0,"28":0,"29":0,"30":0,"35":1}},"/home/travis/build/npmtest/node-npmtest-wire/node_modules/wire/lib/loader/relative.js":{"path":"/home/travis/build/npmtest/node-npmtest-wire/node_modules/wire/lib/loader/relative.js","s":{"1":1,"2":1,"3":1,"4":1,"5":0,"6":0,"7":0,"8":1},"b":{"1":[0,1],"2":[1,0]},"f":{"1":1,"2":1,"3":0,"4":0,"5":1},"fnMap":{"1":{"name":"(anonymous_1)","line":10,"loc":{"start":{"line":10,"column":1},"end":{"line":10,"column":18}}},"2":{"name":"(anonymous_2)","line":11,"loc":{"start":{"line":11,"column":7},"end":{"line":11,"column":25}}},"3":{"name":"relativeLoader","line":15,"loc":{"start":{"line":15,"column":8},"end":{"line":15,"column":53}}},"4":{"name":"(anonymous_4)","line":17,"loc":{"start":{"line":17,"column":9},"end":{"line":17,"column":28}}},"5":{"name":"(anonymous_5)","line":23,"loc":{"start":{"line":23,"column":56},"end":{"line":23,"column":74}}}},"statementMap":{"1":{"start":{"line":10,"column":0},"end":{"line":23,"column":115}},"2":{"start":{"line":11,"column":0},"end":{"line":22,"column":3}},"3":{"start":{"line":13,"column":1},"end":{"line":13,"column":33}},"4":{"start":{"line":15,"column":1},"end":{"line":20,"column":3}},"5":{"start":{"line":16,"column":2},"end":{"line":16,"column":38}},"6":{"start":{"line":17,"column":2},"end":{"line":19,"column":4}},"7":{"start":{"line":18,"column":3},"end":{"line":18,"column":53}},"8":{"start":{"line":23,"column":76},"end":{"line":23,"column":110}}},"branchMap":{"1":{"line":23,"type":"cond-expr","locations":[{"start":{"line":23,"column":47},"end":{"line":23,"column":53}},{"start":{"line":23,"column":56},"end":{"line":23,"column":112}}]},"2":{"line":23,"type":"binary-expr","locations":[{"start":{"line":23,"column":2},"end":{"line":23,"column":30}},{"start":{"line":23,"column":34},"end":{"line":23,"column":44}}]}},"code":["/** @license MIT License (c) copyright 2010-2013 original author or authors */","","/**"," * Licensed under the MIT License at:"," * http://www.opensource.org/licenses/mit-license.php"," *"," * @author: Brian Cavalier"," * @author: John Hann"," */","(function(define) { 'use strict';","define(function(require) {","","\tvar mid = require('./moduleId');","","\treturn function relativeLoader(loader, referenceId) {","\t\treferenceId = mid.base(referenceId);","\t\treturn function(moduleId) {","\t\t\treturn loader(mid.resolve(referenceId, moduleId));","\t\t};","\t};","","});","}(typeof define === 'function' && define.amd ? define : function(factory) { module.exports = factory(require); }));",""],"l":{"10":1,"11":1,"13":1,"15":1,"16":0,"17":0,"18":0,"23":1}},"/home/travis/build/npmtest/node-npmtest-wire/node_modules/wire/lib/loader/moduleId.js":{"path":"/home/travis/build/npmtest/node-npmtest-wire/node_modules/wire/lib/loader/moduleId.js","s":{"1":1,"2":1,"3":1,"4":1,"5":0,"6":0,"7":0,"8":0,"9":1,"10":0,"11":0,"12":0,"13":0,"14":1,"15":0,"16":0,"17":0,"18":0,"19":0,"20":0,"21":0,"22":0,"23":0,"24":0,"25":0,"26":0,"27":0,"28":0,"29":0,"30":0,"31":0,"32":0,"33":0,"34":0,"35":0,"36":0,"37":0,"38":0,"39":0,"40":0,"41":0,"42":0,"43":0,"44":1},"b":{"1":[0,0],"2":[0,0],"3":[0,0],"4":[0,0],"5":[0,0,0],"6":[0,0],"7":[0,0],"8":[0,0],"9":[0,0],"10":[0,0],"11":[0,0],"12":[0,0],"13":[0,0,0],"14":[0,0],"15":[0,1],"16":[1,0]},"f":{"1":1,"2":1,"3":0,"4":0,"5":0,"6":0,"7":0,"8":0,"9":1},"fnMap":{"1":{"name":"(anonymous_1)","line":10,"loc":{"start":{"line":10,"column":1},"end":{"line":10,"column":18}}},"2":{"name":"(anonymous_2)","line":11,"loc":{"start":{"line":11,"column":7},"end":{"line":11,"column":18}}},"3":{"name":"base","line":25,"loc":{"start":{"line":25,"column":1},"end":{"line":25,"column":19}}},"4":{"name":"resolve","line":49,"loc":{"start":{"line":49,"column":1},"end":{"line":49,"column":28}}},"5":{"name":"(anonymous_5)","line":54,"loc":{"start":{"line":54,"column":27},"end":{"line":54,"column":42}}},"6":{"name":"resolveId","line":59,"loc":{"start":{"line":59,"column":1},"end":{"line":59,"column":30}}},"7":{"name":"(anonymous_7)","line":77,"loc":{"start":{"line":77,"column":34},"end":{"line":77,"column":46}}},"8":{"name":"(anonymous_8)","line":78,"loc":{"start":{"line":78,"column":23},"end":{"line":78,"column":35}}},"9":{"name":"(anonymous_9)","line":111,"loc":{"start":{"line":111,"column":56},"end":{"line":111,"column":74}}}},"statementMap":{"1":{"start":{"line":10,"column":0},"end":{"line":111,"column":108}},"2":{"start":{"line":11,"column":0},"end":{"line":110,"column":3}},"3":{"start":{"line":13,"column":1},"end":{"line":16,"column":3}},"4":{"start":{"line":25,"column":1},"end":{"line":32,"column":2}},"5":{"start":{"line":26,"column":2},"end":{"line":28,"column":3}},"6":{"start":{"line":27,"column":3},"end":{"line":27,"column":13}},"7":{"start":{"line":30,"column":2},"end":{"line":30,"column":34}},"8":{"start":{"line":31,"column":2},"end":{"line":31,"column":46}},"9":{"start":{"line":49,"column":1},"end":{"line":57,"column":2}},"10":{"start":{"line":50,"column":2},"end":{"line"
[...]
:35,"column":29},"end":{"line":35,"column":37}},{"start":{"line":35,"column":41},"end":{"line":35,"column":50}}]},"3":{"line":65,"type":"if","locations":[{"start":{"line":65,"column":2},"end":{"line":65,"column":2}},{"start":{"line":65,"column":2},"end":{"line":65,"column":2}}]},"4":{"line":66,"type":"cond-expr","locations":[{"start":{"line":66,"column":66},"end":{"line":66,"column":69}},{"start":{"line":66,"column":72},"end":{"line":66,"column":74}}]},"5":{"line":66,"type":"binary-expr","locations":[{"start":{"line":66,"column":36},"end":{"line":66,"column":50}},{"start":{"line":66,"column":54},"end":{"line":66,"column":63}}]},"6":{"line":80,"type":"if","locations":[{"start":{"line":80,"column":2},"end":{"line":80,"column":2}},{"start":{"line":80,"column":2},"end":{"line":80,"column":2}}]},"7":{"line":87,"type":"cond-expr","locations":[{"start":{"line":87,"column":17},"end":{"line":87,"column":19}},{"start":{"line":87,"column":22},"end":{"line":87,"column":25}}]},"8":{"line":99,"type":"if","locations":[{"start":{"line":99,"column":1},"end":{"line":99,"column":1}},{"start":{"line":99,"column":1},"end":{"line":99,"column":1}}]},"9":{"line":99,"type":"binary-expr","locations":[{"start":{"line":99,"column":5},"end":{"line":99,"column":13}},{"start":{"line":99,"column":17},"end":{"line":99,"column":43}}]},"10":{"line":102,"type":"if","locations":[{"start":{"line":102,"column":3},"end":{"line":102,"column":3}},{"start":{"line":102,"column":3},"end":{"line":102,"column":3}}]},"11":{"line":114,"type":"if","locations":[{"start":{"line":114,"column":3},"end":{"line":114,"column":3}},{"start":{"line":114,"column":3},"end":{"line":114,"column":3}}]},"12":{"line":141,"type":"binary-expr","locations":[{"start":{"line":141,"column":10},"end":{"line":141,"column":14}},{"start":{"line":141,"column":16},"end":{"line":141,"column":24}}]},"13":{"line":145,"type":"binary-expr","locations":[{"start":{"line":145,"column":10},"end":{"line":145,"column":14}},{"start":{"line":145,"column":16},"end":{"line":145,"column":24}}]},"14":{"line":162,"type":"if","locations":[{"start":{"line":162,"column":2},"end":{"line":162,"column":2}},{"start":{"line":162,"column":2},"end":{"line":162,"column":2}}]},"15":{"line":164,"type":"cond-expr","locations":[{"start":{"line":164,"column":22},"end":{"line":164,"column":26}},{"start":{"line":164,"column":29},"end":{"line":164,"column":49}}]},"16":{"line":172,"type":"if","locations":[{"start":{"line":172,"column":2},"end":{"line":172,"column":2}},{"start":{"line":172,"column":2},"end":{"line":172,"column":2}}]},"17":{"line":173,"type":"if","locations":[{"start":{"line":173,"column":3},"end":{"line":173,"column":3}},{"start":{"line":173,"column":3},"end":{"line":173,"column":3}}]},"18":{"line":178,"type":"if","locations":[{"start":{"line":178,"column":7},"end":{"line":178,"column":7}},{"start":{"line":178,"column":7},"end":{"line":178,"column":7}}]},"19":{"line":182,"type":"if","locations":[{"start":{"line":182,"column":7},"end":{"line":182,"column":7}},{"start":{"line":182,"column":7},"end":{"line":182,"column":7}}]},"20":{"line":185,"type":"if","locations":[{"start":{"line":185,"column":7},"end":{"line":185,"column":7}},{"start":{"line":185,"column":7},"end":{"line":185,"column":7}}]},"21":{"line":188,"type":"if","locations":[{"start":{"line":188,"column":7},"end":{"line":188,"column":7}},{"start":{"line":188,"column":7},"end":{"line":188,"column":7}}]},"22":{"line":192,"type":"if","locations":[{"start":{"line":192,"column":7},"end":{"line":192,"column":7}},{"start":{"line":192,"column":7},"end":{"line":192,"column":7}}]},"23":{"line":194,"type":"if","locations":[{"start":{"line":194,"column":3},"end":{"line":194,"column":3}},{"start":{"line":194,"column":3},"end":{"line":194,"column":3}}]},"24":{"line":219,"type":"cond-expr","locations":[{"start":{"line":220,"column":5},"end":{"line":220,"column":23}},{"start":{"line":221,"column":5},"end":{"line":221,"column":101}}]},"25":{"line":221,"type":"binary-expr","locations":[{"start":{"line":221,"column":5},"end":{"line":221,"column":7}},{"start":{"line":221,"column":11},"end":{"line":221,"column":33}},{"start":{"line":221,"column":37},"end":{"line":221,"column":68}},{"start":{"line":221,"column":72},"end":{"line":221,"column":101}}]},"26":{"line":230,"type":"if","locations":[{"start":{"line":230,"column":3},"end":{"line":230,"column":3}},{"start":{"line":230,"column":3},"end":{"line":230,"column":3}}]},"27":{"line":241,"type":"if","locations":[{"start":{"line":241,"column":3},"end":{"line":241,"column":3}},{"start":{"line":241,"column":3},"end":{"line":241,"column":3}}]},"28":{"line":258,"type":"if","locations":[{"start":{"line":258,"column":3},"end":{"line":258,"column":3}},{"start":{"line":258,"column":3},"end":{"line":258,"column":3}}]},"29":{"line":264,"type":"if","locations":[{"start":{"line":264,"column":3},"end":{"line":264,"column":3}},{"start":{"line":264,"column":3},"end":{"line":264,"column":3}}]},"30":{"line":270,"type":"if","locations":[{"start":{"line":270,"column":3},"end":{"line":270,"column":3}},{"start":{"line":270,"column":3},"end":{"line":270,"column":3}}]},"31":{"line":274,"type":"binary-expr","locations":[{"start":{"line":274,"column":32},"end":{"line":274,"column":52}},{"start":{"line":274,"column":56},"end":{"line":274,"column":68}}]},"32":{"line":281,"type":"if","locations":[{"start":{"line":281,"column":2},"end":{"line":281,"column":2}},{"start":{"line":281,"column":2},"end":{"line":281,"column":2}}]},"33":{"line":303,"type":"cond-expr","locations":[{"start":{"line":304,"column":4},"end":{"line":304,"column":10}},{"start":{"line":305,"column":4},"end":{"line":305,"column":61}}]},"34":{"line":303,"type":"binary-expr","locations":[{"start":{"line":303,"column":1},"end":{"line":303,"column":28}},{"start":{"line":303,"column":32},"end":{"line":303,"column":42}}]}},"code":["/** @license MIT License (c) copyright B Cavalier & J Hann */","","/**"," * wire/dom/base"," * provides basic dom creation capabilities for plugins."," *"," * wire is part of the cujo.js family of libraries (http://cujojs.com/)"," *"," * Licensed under the MIT License at:"," * http://www.opensource.org/licenses/mit-license.php"," */","(function (define) {","define(function (require) {","","\tvar WireProxy, priority, classRx, trimLeadingRx, splitClassNamesRx, nodeProxyInvoke;","","\tWireProxy = require('../WireProxy');","\tpriority = require('../plugin/priority');","","\tclassRx = '(\\\\s+|^)(classNames)(\\\\b(?![\\\\-_])|$)';","\ttrimLeadingRx = /^\\s+/;","\tsplitClassNamesRx = /(\\b\\s+\\b)|(\\s+)/g;","","\t/**","\t * Adds one or more css classes to a dom element.","\t * @param el {HTMLElement}","\t * @param className {String} a single css class or several, space-delimited","\t *   css classes.","\t */","\tfunction addClass (el, className) {","\t\tvar newClass;","","\t\tnewClass = _stripClass(el.className, className);","","\t\tel.className = newClass + (newClass && className ? ' ' : '') + className;","\t}","","\t/**","\t * Removes one or more css classes from a dom element.","\t * @param el {HTMLElement}","\t * @param className {String} a single css class or several, space-delimited","\t *   css classes.","\t */","\tfunction removeClass (el, className) {","\t\tel.className = _stripClass(el.className, className);","\t}","","\t/**","\t * Adds or removes one or more css classes from a dom element.","\t * @param el {HTMLElement}","\t * @param className {String} a single css class or several, space-delimited","\t *   css classes.","\t */","\tfunction toggleClass (el, className) {","\t\tvar unalteredClass;","","\t\t// save copy of what _stripClass would return if className","\t\t// was not found","\t\tunalteredClass = el.className.replace(trimLeadingRx, '');","","\t\t// remove className","\t\tel.className = _stripClass(el.className, className);","","\t\t// add className if it wasn't removed","\t\tif (unalteredClass == el.className) {","\t\t\tel.className = unalteredClass + (unalteredClass && className ? ' ' : '') + className;","\t\t}","\t}","","\t/**","\t * Super fast, one-pass, non-looping routine to remove one or more","\t * space-delimited tokens from another space-delimited set of tokens.","\t * @private","\t * @param tokens","\t * @param removes","\t */","\tfunction _stripClass (tokens, removes) {","\t\tvar rx;","","\t\tif (!removes) {","\t\t\treturn tokens;","\t\t}","","\t\t// convert space-delimited tokens with bar-delimited (regexp `or`)","\t\tremoves = removes.replace(splitClassNamesRx, function (m, inner, edge) {","\t\t\t// only replace inner spaces with |","\t\t\treturn edge ? '' : '|';","\t\t});","","\t\t// create one-pass regexp","\t\trx = new RegExp(classRx.replace('classNames', removes), 'g');","","\t\t// remove all tokens in one pass (wish we could trim leading","\t\t// spaces in the same pass! at least the trim is not a full","\t\t// scan of the string)","\t\treturn tokens.replace(rx, '').replace(trimLeadingRx, '');","\t}","","\tif (document && document.appendChild.apply) {","\t\t// normal browsers","\t\tnodeProxyInvoke = function jsInvoke (node, method, args) {","\t\t\tif(typeof method == 'string') {","\t\t\t\tmethod = node[method];","\t\t\t}","\t\t\treturn method.apply(node, args);","\t\t};","\t}","\telse {","\t\t// IE 6-8 ('native' methods don't have .apply()) so we have","\t\t// to use eval())","\t\tnodeProxyInvoke = function evalInvoke (node, method, args) {","\t\t\tvar argsList;","","\t\t\tif(typeof method == 'function') {","\t\t\t\treturn method.apply(node, args);","\t\t\t}","","\t\t\t// iirc, no node methods have more than 4 parameters","\t\t\t// (addEventListener), so 5 should be safe. Note: IE needs","\t\t\t// the exact number of arguments or it will throw!","\t\t\targsList = ['a', 'b', 'c', 'd', 'e'].slice(0, args.length).join(',');","","\t\t\t// function to execute eval (no need for global eval here","\t\t\t// since the code snippet doesn't reference out-of-scope vars).","\t\t\tfunction invoke (a, b, c, d, e) {","\t\t\t\t/*jshint evil:true*/","\t\t\t\t/*jshint unused:false*/","\t\t\t\treturn eval('node.' + method + '(' + argsList + ');');","\t\t\t}","","\t\t\t// execute and return result","\t\t\treturn invoke.apply(this, args);","\t\t};","\t}","","\tfunction byId(id) {","\t\treturn document.getElementById(id);","\t}","","\tfunction queryAll(selector, root) {","\t\treturn (root||document).querySelectorAll(selector);","\t}","","\tfunction query(selector, root) {","\t\treturn (root||document).querySelector(selector);","\t}","","\t/**","\t * Places a node into the DOM at the location specified around","\t * a reference node.","\t * Note: replace is problematic if the dev expects to use the node","\t * as a wire component.  The component reference will still point","\t * at the node that was replaced.","\t * @param node {HTMLElement}","\t * @param refNode {HTMLElement}","\t * @param location {String} or {Number} 'before', 'after', 'first', 'last',","\t *   or the position within the children of refNode","\t */","\tfunction placeAt(node, refNode, location) {","\t\tvar parent, i;","","\t\tif ('length' in refNode) {","\t\t\tfor (i = 0; i < refNode.length; i++) {","\t\t\t\tplaceAt(i === 0 ? node : node.cloneNode(true), refNode[i], location);","\t\t\t}","\t\t\treturn node;","\t\t}","","\t\tparent = refNode.parentNode;","","\t\t// `if else` is more compressible than switch","\t\tif (!isNaN(location)) {","\t\t\tif (location < 0) {","\t\t\t\tlocation = 0;","\t\t\t}","\t\t\t_insertBefore(refNode, node, refNode.childNodes[location]);","\t\t}","\t\telse if(location == 'at') {","\t\t\trefNode.innerHTML = '';","\t\t\t_appendChild(refNode, node);","\t\t}","\t\telse if(location == 'last') {","\t\t\t_appendChild(refNode, node);","\t\t}","\t\telse if(location == 'first') {","\t\t\t_insertBefore(refNode, node, refNode.firstChild);","\t\t}","\t\telse if(location == 'before') {","\t\t\t// TODO: throw if parent missing?","\t\t\t_insertBefore(parent, node, refNode);","\t\t}","\t\telse if(location == 'after') {","\t\t\t// TODO: throw if parent missing?","\t\t\tif (refNode == parent.lastChild) {","\t\t\t\t_appendChild(parent, node);","\t\t\t}","\t\t\telse {","\t\t\t\t_insertBefore(parent, node, refNode.nextSibling);","\t\t\t}","\t\t}","\t\telse {","\t\t\tthrow new Error('Unknown dom insertion command: ' + location);","\t\t}","","\t\treturn node;","\t}","","\t// these are for better compressibility since compressors won't","\t// compress native DOM methods.","\tfunction _insertBefore(parent, node, refNode) {","\t\tparent.insertBefore(node, refNode);","\t}","","\tfunction _appendChild(parent, node) {","\t\tparent.appendChild(node);","\t}","","\tfunction isNode(it) {","\t\treturn typeof Node === 'object'","\t\t\t? it instanceof Node","\t\t\t: it && typeof it === 'object' && typeof it.nodeType === 'number' && typeof it.nodeName==='string';","\t}","","\tfunction NodeProxy() {}","","\tNodeProxy.prototype = {","\t\tget: function (name) {","\t\t\tvar node = this.target;","","\t\t\tif (name in node) {","\t\t\t\treturn node[name];","\t\t\t}","\t\t\telse {","\t\t\t\treturn node.getAttribute(name);","\t\t\t}","\t\t},","","\t\tset: function (name, value) {","\t\t\tvar node = this.target;","","\t\t\tif (name in node) {","\t\t\t\treturn node[name] = value;","\t\t\t}","\t\t\telse {","\t\t\t\treturn node.setAttribute(name, value);","\t\t\t}","\t\t},","","\t\tinvoke: function (method, args) {","\t\t\treturn nodeProxyInvoke(this.target, method, args);","\t\t},","","\t\tdestroy: function () {","\t\t\tvar node = this.target;","","\t\t\t// if we added a destroy method on the node, call it.","\t\t\t// TODO: find a better way to release events instead of using this mechanism","\t\t\tif (node.destroy) {","\t\t\t\tnode.destroy();","\t\t\t}","\t\t\t// removal from document will destroy node as soon as all","\t\t\t// references to it go out of scope.","\t\t\tvar parent = node.parentNode;","\t\t\tif (parent) {","\t\t\t\tparent.removeChild(node);","\t\t\t}","\t\t},","","\t\tclone: function (options) {","\t\t\tif (!options) {","\t\t\t\toptions = {};","\t\t\t}","\t\t\t// default is to clone deep (when would anybody not want deep?)","\t\t\treturn this.target.cloneNode(!('deep' in options) || options.deep);","\t\t}","\t};","","\tproxyNode.priority = priority.basePriority;","\tfunction proxyNode (proxy) {","","\t\tif (!isNode(proxy.target)) {","\t\t\treturn proxy;","\t\t}","","\t\treturn WireProxy.extend(proxy, NodeProxy.prototype);","\t}","","\treturn {","","\t\tbyId: byId,","\t\tquerySelector: query,","\t\tquerySelectorAll: queryAll,","\t\tplaceAt: placeAt,","\t\taddClass: addClass,","\t\tremoveClass: removeClass,","\t\ttoggleClass: toggleClass,","\t\tproxyNode: proxyNode","","\t};","","});","}(","\ttypeof define == 'function' && define.amd","\t\t? define","\t\t: function (factory) { module.exports = factory(require); }","));",""],"l":{"12":2,"13":2,"15":2,"17":2,"18":2,"20":2,"21":2,"22":2,"30":1,"31":0,"33":0,"35":0,"44":1,"45":0,"54":1,"55":0,"59":0,"62":0,"65":0,"66":0,"77":1,"78":0,"80":0,"81":0,"85":0,"87":0,"91":0,"96":0,"99":2,"101":0,"102":0,"103":0,"105":0,"111":0,"112":0,"114":0,"115":0,"121":0,"125":1,"128":0,"132":0,"136":1,"137":0,"140":1,"141":0,"144":1,"145":0,"159":1,"160":0,"162":0,"163":0,"164":0,"166":0,"169":0,"172":0,"173":0,"174":0,"176":0,"178":0,"179":0,"180":0,"182":0,"183":0,"185":0,"186":0,"188":0,"190":0,"192":0,"194":0,"195":0,"198":0,"202":0,"205":0,"210":1,"211":0,"214":1,"215":0,"218":1,"219":0,"224":1,"226":0,"228":0,"230":0,"231":0,"234":0,"239":0,"241":0,"242":0,"245":0,"250":0,"254":0,"258":0,"259":0,"263":0,"264":0,"265":0,"270":0,"271":0,"274":0,"278":0,"279":1,"281":0,"282":0,"285":0,"288":0,"305":2}},"/home/travis/build/npmtest/node-npmtest-wire/node_modules/wire/sizzle.js":{"path":"/home/travis/build/npmtest/node-npmtest-wire/node_modules/wire/sizzle.js","s":{"1":2,"2":1,"3":0,"4":0,"5":0,"6":0,"7":0,"8":0,"9":0,"10":1,"11":0,"12":0,"13":0,"14":0,"15":0,"16":0,"17":0,"18":0},"b":{"1":[0,0],"2":[0,0]},"f":{"1":0,"2":0,"3":0,"4":0},"fnMap":{"1":{"name":"(anonymous_1)","line":17,"loc":{"start":{"line":17,"column":44},"end":{"line":17,"column":78}}},"2":{"name":"addClass","line":25,"loc":{"start":{"line":25,"column":1},"end":{"line":25,"column":30}}},"3":{"name":"removeClass","line":46,"loc":{"start":{"line":46,"column":1},"end":{"line":46,"column":33}}},"4":{"name":"(anonymous_4)","line":61,"loc":{"start":{"line":61,"column":9},"end":{"line":61,"column":35}}}},"statementMap":{"1":{"start":{"line":17,"column":0},"end":{"line":68,"column":3}},"2":{"start":{"line":25,"column":1},"end":{"line":38,"column":2}},"3":{"start":{"line":26,"column":2},"end":{"line":26,"column":67}},"4":{"start":{"line":28,"column":2},"end":{"line":28,"column":25}},"5":{"start":{"line":30,"column":2},"end":{"line":35,"column":3}},"6":{"start":{"line":31,"column":3},"end":{"line":31,"column":24}},"7":{"start":{"line":32,"column":3},"end":{"line":34,"column":4}},"8":{"start":{"line":33,"column":4},"end":{"line":33,"column":19}},"9":{"start":{"line":37,"column":2},"end":{"line":37,"column":56}},"10":{"start":{"line":46,"column":1},"end":{"line":57,"column":2}},"11":{"start":{"line":47,"column":2},"end":{"line":47,"column":45}},"12":{"start":{"line":49,"column":2},"end":{"line":49,"column":25}},"13":{"start":{"line":51,"column":2},"end":{"line":54,"column":3}},"14":{"start":{"line":52,"column":3},"end":{"line":52,"column":30}},"15":{"start":{"line":53,"column":3},"end":{"line":53,"column":41}},"16":{"start":{"line":56,"column":2},"end":{"line":56,"column":57}},"17":{"start":{"line":59,"column":1},"end":{"line":66,"column":4}},"18":{"start":{"line":62,"column":3},"end":{"line":62,"column":36}}},"branchMap":{"1":{"line":26,"type":"cond-expr","locations":[{"start":{"line":26,"column":35},"end":{"line":26,"column":61}},{"start":{"line":26,"column":64},"end":{"line":26,"column":66}}]},"2":{"line":32,"type":"if","locations":[{"start":{"line":32,"column":3},"end":{"line":32,"column":3}},{"start":{"line":32,"column":3},"end":{"line":32,"column":3}}]}},"code":["/** @license MIT License (c) copyright B Cavalier & J Hann */","","/**"," * wire/sizzle plugin"," * Adds querySelectorAll functionality to wire using John Resig's Sizzle library."," * Sizzle must be wrapped in an AMD define().  Kris Zyp has a version of this at"," * http://github.com/kriszyp/sizzle"," *"," * wire is part of the cujo.js family of libraries (http://cujojs.com/)"," *"," * Licensed under the MIT License at:"," * http://www.opensource.org/licenses/mit-license.php"," *"," * @author John Hann (@unscriptable)"," */","","define(['./lib/plugin-base/dom', 'sizzle'], function(createDomPlugin, sizzle) {","","\t/**","\t * The usual addClass function","\t *","\t * @param node","\t * @param cls {String} space separated list of classes","\t */","\tfunction addClass(node, cls) {","\t\tvar className = node.className ? ' ' + node.className + ' ' : '';","","\t\tcls = cls.split(/\\s+/);","","\t\tfor (var i = 0, len = cls.length; i < len; i++) {","\t\t\tvar c = ' ' + cls[i];","\t\t\tif(className.indexOf(c + ' ') < 0) {","\t\t\t\tclassName += c;","\t\t\t}","\t\t}","","\t\tnode.className = className.slice(1, className.length);","\t}","","\t/**","\t * The usual removeClass function","\t *","\t * @param node","\t * @param cls {String} space separated list of classes","\t */","\tfunction removeClass(node, cls) {","\t\tvar className = ' ' + node.className + ' ';","","\t\tcls = cls.split(/\\s+/);","","\t\tfor (var i = 0, len = cls.length; i < len; i++) {","\t\t\tvar c = ' ' + cls[i] + ' ';","\t\t\tclassName = className.replace(c, ' ');","\t\t}","","\t\tnode.className = className.replace(/(^\\s+|\\s+$)/g, '');","\t}","","\treturn createDomPlugin({","\t\tquery: sizzle,","\t\tfirst: function (selector, root) {","\t\t\treturn sizzle(selector, root)[0];","\t\t},","\t\taddClass: addClass,","\t\tremoveClass: removeClass","\t});","","});",""],"l":{"17":2,"25":1,"26":0,"28":0,"30":0,"31":0,"32":0,"33":0,"37":0,"46":1,"47":0,"49":0,"51":0,"52":0,"53":0,"56":0,"59":0,"62":0}}}